
                            < M A T L A B (R) >
                  Copyright 1984-2015 The MathWorks, Inc.
                   R2015b (8.6.0.267246) 64-bit (glnxa64)
                              August 20, 2015

 
For online documentation, see http://www.mathworks.com/support
For product information, visit www.mathworks.com.
 

	Academic License

classify_train
cvglmnet
classify_get_inputs_and_targets
  Columns 1 through 13

     1     2     3     4     5     6     7     8     9    10    11    12    13

  Columns 14 through 15

    14    15

     1     2     3     4     5     6     7     8     9

mask.nii
  Columns 1 through 13

     1     2     4     6    10    11    12    13    14    15    16    17    18

  Columns 14 through 20

    19    20    21    22    23    24    25

contextId_training_only
     1

       datadir: '/ncf/gershman/Lab/ConLearn/subjects/161030_con001/preproc'
    structural: 'struct.nii'
    functional: {1x9 cell}

       datadir: '/ncf/gershman/Lab/ConLearn/subjects/161030_con002/preproc'
    structural: 'struct.nii'
    functional: {1x9 cell}

       datadir: '/ncf/gershman/Lab/ConLearn/subjects/161101_CON_003/preproc'
    structural: 'struct.nii'
    functional: {'run001.nii'  'run002.nii'  'run003.nii'  'run004.nii'  'r...'}

       datadir: '/ncf/gershman/Lab/ConLearn/subjects/161106_CON_004/preproc'
    structural: 'struct.nii'
    functional: {1x9 cell}

       datadir: '/ncf/gershman/Lab/ConLearn/subjects/161106_CON_005/preproc'
    structural: 'struct.nii'
    functional: {1x9 cell}

       datadir: '/ncf/gershman/Lab/ConLearn/subjects/161106_CON_006/preproc'
    structural: 'struct.nii'
    functional: {1x9 cell}

       datadir: '/ncf/gershman/Lab/ConLearn/subjects/161106_CON_007/preproc'
    structural: 'struct.nii'
    functional: {1x9 cell}

       datadir: '/ncf/gershman/Lab/ConLearn/subjects/161108_CON_008/preproc'
    structural: 'struct.nii'
    functional: {1x9 cell}

       datadir: '/ncf/gershman/Lab/ConLearn/subjects/161112_CON_009/preproc'
    structural: 'struct.nii'
    functional: {1x6 cell}

       datadir: '/ncf/gershman/Lab/ConLearn/subjects/161112_CON_010/preproc'
    structural: 'struct.nii'
    functional: {1x9 cell}

       datadir: '/ncf/gershman/Lab/ConLearn/subjects/161112_CON_011/preproc'
    structural: 'struct.nii'
    functional: {1x9 cell}

       datadir: '/ncf/gershman/Lab/ConLearn/subjects/161112_CON_012/preproc'
    structural: 'struct.nii'
    functional: {1x9 cell}

       datadir: '/ncf/gershman/Lab/ConLearn/subjects/161203_CON_013/preproc'
    structural: 'struct.nii'
    functional: {1x9 cell}

       datadir: '/ncf/gershman/Lab/ConLearn/subjects/161203_CON_014/preproc'
    structural: 'struct.nii'
    functional: {1x9 cell}

       datadir: '/ncf/gershman/Lab/ConLearn/subjects/161203_CON_015/preproc'
    structural: 'struct.nii'
    functional: {1x9 cell}

       datadir: '/ncf/gershman/Lab/ConLearn/subjects/161203_CON_017/preproc'
    structural: 'struct.nii'
    functional: {1x9 cell}

       datadir: '/ncf/gershman/Lab/ConLearn/subjects/161204_CON_018/preproc'
    structural: 'struct.nii'
    functional: {1x9 cell}

       datadir: '/ncf/gershman/Lab/ConLearn/subjects/161204_CON_021/preproc'
    structural: 'struct.nii'
    functional: {1x9 cell}

       datadir: '/ncf/gershman/Lab/ConLearn/subjects/161204_CON_022/preproc'
    structural: 'struct.nii'
    functional: {1x9 cell}

       datadir: '/ncf/gershman/Lab/ConLearn/subjects/161204_CON_023/preproc'
    structural: 'struct.nii'
    functional: {1x9 cell}

       datadir: '/ncf/gershman/Lab/ConLearn/subjects/161204_CON_024/preproc'
    structural: 'struct.nii'
    functional: {1x9 cell}

       datadir: '/ncf/gershman/Lab/ConLearn/subjects/161205_CON_025/preproc'
    structural: 'struct.nii'
    functional: {1x9 cell}

       datadir: '/ncf/gershman/Lab/ConLearn/subjects/161206_CON_026/preproc'
    structural: 'struct.nii'
    functional: {1x9 cell}

       datadir: '/ncf/gershman/Lab/ConLearn/subjects/161210_CON_027/preproc'
    structural: 'struct.nii'
    functional: {1x9 cell}

       datadir: '/ncf/gershman/Lab/ConLearn/subjects/161211_CON_028/preproc'
    structural: 'struct.nii'
    functional: {1x9 cell}

preloading betas...
Elapsed time is 72.553136 seconds.

----subject 1, run 1
Sn(1) trial_onset_1*bf(1)
Sn(1) trial_onset_2*bf(1)
Sn(1) trial_onset_3*bf(1)
Sn(1) trial_onset_4*bf(1)
Sn(1) trial_onset_5*bf(1)
Sn(1) trial_onset_6*bf(1)
Sn(1) trial_onset_7*bf(1)
Sn(1) trial_onset_8*bf(1)
Sn(1) trial_onset_9*bf(1)
Sn(1) trial_onset_10*bf(1)
Sn(1) trial_onset_11*bf(1)
Sn(1) trial_onset_12*bf(1)
Sn(1) trial_onset_13*bf(1)
Sn(1) trial_onset_14*bf(1)
Sn(1) trial_onset_15*bf(1)

----subject 1, run 2
Sn(2) trial_onset_1*bf(1)
Sn(2) trial_onset_2*bf(1)
Sn(2) trial_onset_3*bf(1)
Sn(2) trial_onset_4*bf(1)
Sn(2) trial_onset_5*bf(1)
Sn(2) trial_onset_6*bf(1)
Sn(2) trial_onset_7*bf(1)
Sn(2) trial_onset_8*bf(1)
Sn(2) trial_onset_9*bf(1)
Sn(2) trial_onset_10*bf(1)
Sn(2) trial_onset_11*bf(1)
Sn(2) trial_onset_12*bf(1)
Sn(2) trial_onset_13*bf(1)
Sn(2) trial_onset_14*bf(1)
Sn(2) trial_onset_15*bf(1)

----subject 1, run 3
Sn(3) trial_onset_1*bf(1)
Sn(3) trial_onset_2*bf(1)
Sn(3) trial_onset_3*bf(1)
Sn(3) trial_onset_4*bf(1)
Sn(3) trial_onset_5*bf(1)
Sn(3) trial_onset_6*bf(1)
Sn(3) trial_onset_7*bf(1)
Sn(3) trial_onset_8*bf(1)
Sn(3) trial_onset_9*bf(1)
Sn(3) trial_onset_10*bf(1)
Sn(3) trial_onset_11*bf(1)
Sn(3) trial_onset_12*bf(1)
Sn(3) trial_onset_13*bf(1)
Sn(3) trial_onset_14*bf(1)
Sn(3) trial_onset_15*bf(1)

----subject 1, run 4
Sn(4) trial_onset_1*bf(1)
Sn(4) trial_onset_2*bf(1)
Sn(4) trial_onset_3*bf(1)
Sn(4) trial_onset_4*bf(1)
Sn(4) trial_onset_5*bf(1)
Sn(4) trial_onset_6*bf(1)
Sn(4) trial_onset_7*bf(1)
Sn(4) trial_onset_8*bf(1)
Sn(4) trial_onset_9*bf(1)
Sn(4) trial_onset_10*bf(1)
Sn(4) trial_onset_11*bf(1)
Sn(4) trial_onset_12*bf(1)
Sn(4) trial_onset_13*bf(1)
Sn(4) trial_onset_14*bf(1)
Sn(4) trial_onset_15*bf(1)

----subject 1, run 5
Sn(5) trial_onset_1*bf(1)
Sn(5) trial_onset_2*bf(1)
Sn(5) trial_onset_3*bf(1)
Sn(5) trial_onset_4*bf(1)
Sn(5) trial_onset_5*bf(1)
Sn(5) trial_onset_6*bf(1)
Sn(5) trial_onset_7*bf(1)
Sn(5) trial_onset_8*bf(1)
Sn(5) trial_onset_9*bf(1)
Sn(5) trial_onset_10*bf(1)
Sn(5) trial_onset_11*bf(1)
Sn(5) trial_onset_12*bf(1)
Sn(5) trial_onset_13*bf(1)
Sn(5) trial_onset_14*bf(1)
Sn(5) trial_onset_15*bf(1)

----subject 1, run 6
Sn(6) trial_onset_1*bf(1)
Sn(6) trial_onset_2*bf(1)
Sn(6) trial_onset_3*bf(1)
Sn(6) trial_onset_4*bf(1)
Sn(6) trial_onset_5*bf(1)
Sn(6) trial_onset_6*bf(1)
Sn(6) trial_onset_7*bf(1)
Sn(6) trial_onset_8*bf(1)
Sn(6) trial_onset_9*bf(1)
Sn(6) trial_onset_10*bf(1)
Sn(6) trial_onset_11*bf(1)
Sn(6) trial_onset_12*bf(1)
Sn(6) trial_onset_13*bf(1)
Sn(6) trial_onset_14*bf(1)
Sn(6) trial_onset_15*bf(1)

----subject 1, run 7
Sn(7) trial_onset_1*bf(1)
Sn(7) trial_onset_2*bf(1)
Sn(7) trial_onset_3*bf(1)
Sn(7) trial_onset_4*bf(1)
Sn(7) trial_onset_5*bf(1)
Sn(7) trial_onset_6*bf(1)
Sn(7) trial_onset_7*bf(1)
Sn(7) trial_onset_8*bf(1)
Sn(7) trial_onset_9*bf(1)
Sn(7) trial_onset_10*bf(1)
Sn(7) trial_onset_11*bf(1)
Sn(7) trial_onset_12*bf(1)
Sn(7) trial_onset_13*bf(1)
Sn(7) trial_onset_14*bf(1)
Sn(7) trial_onset_15*bf(1)

----subject 1, run 8
Sn(8) trial_onset_1*bf(1)
Sn(8) trial_onset_2*bf(1)
Sn(8) trial_onset_3*bf(1)
Sn(8) trial_onset_4*bf(1)
Sn(8) trial_onset_5*bf(1)
Sn(8) trial_onset_6*bf(1)
Sn(8) trial_onset_7*bf(1)
Sn(8) trial_onset_8*bf(1)
Sn(8) trial_onset_9*bf(1)
Sn(8) trial_onset_10*bf(1)
Sn(8) trial_onset_11*bf(1)
Sn(8) trial_onset_12*bf(1)
Sn(8) trial_onset_13*bf(1)
Sn(8) trial_onset_14*bf(1)
Sn(8) trial_onset_15*bf(1)

----subject 1, run 9
Sn(9) trial_onset_1*bf(1)
Sn(9) trial_onset_2*bf(1)
Sn(9) trial_onset_3*bf(1)
Sn(9) trial_onset_4*bf(1)
Sn(9) trial_onset_5*bf(1)
Sn(9) trial_onset_6*bf(1)
Sn(9) trial_onset_7*bf(1)
Sn(9) trial_onset_8*bf(1)
Sn(9) trial_onset_9*bf(1)
Sn(9) trial_onset_10*bf(1)
Sn(9) trial_onset_11*bf(1)
Sn(9) trial_onset_12*bf(1)
Sn(9) trial_onset_13*bf(1)
Sn(9) trial_onset_14*bf(1)
Sn(9) trial_onset_15*bf(1)

----subject 2, run 1
Sn(1) trial_onset_1*bf(1)
Sn(1) trial_onset_2*bf(1)
Sn(1) trial_onset_3*bf(1)
Sn(1) trial_onset_4*bf(1)
Sn(1) trial_onset_5*bf(1)
Sn(1) trial_onset_6*bf(1)
Sn(1) trial_onset_7*bf(1)
Sn(1) trial_onset_8*bf(1)
Sn(1) trial_onset_9*bf(1)
Sn(1) trial_onset_10*bf(1)
Sn(1) trial_onset_11*bf(1)
Sn(1) trial_onset_12*bf(1)
Sn(1) trial_onset_13*bf(1)
Sn(1) trial_onset_14*bf(1)
Sn(1) trial_onset_15*bf(1)

----subject 2, run 2
Sn(2) trial_onset_1*bf(1)
Sn(2) trial_onset_2*bf(1)
Sn(2) trial_onset_3*bf(1)
Sn(2) trial_onset_4*bf(1)
Sn(2) trial_onset_5*bf(1)
Sn(2) trial_onset_6*bf(1)
Sn(2) trial_onset_7*bf(1)
Sn(2) trial_onset_8*bf(1)
Sn(2) trial_onset_9*bf(1)
Sn(2) trial_onset_10*bf(1)
Sn(2) trial_onset_11*bf(1)
Sn(2) trial_onset_12*bf(1)
Sn(2) trial_onset_13*bf(1)
Sn(2) trial_onset_14*bf(1)
Sn(2) trial_onset_15*bf(1)

----subject 2, run 3
Sn(3) trial_onset_1*bf(1)
Sn(3) trial_onset_2*bf(1)
Sn(3) trial_onset_3*bf(1)
Sn(3) trial_onset_4*bf(1)
Sn(3) trial_onset_5*bf(1)
Sn(3) trial_onset_6*bf(1)
Sn(3) trial_onset_7*bf(1)
Sn(3) trial_onset_8*bf(1)
Sn(3) trial_onset_9*bf(1)
Sn(3) trial_onset_10*bf(1)
Sn(3) trial_onset_11*bf(1)
Sn(3) trial_onset_12*bf(1)
Sn(3) trial_onset_13*bf(1)
Sn(3) trial_onset_14*bf(1)
Sn(3) trial_onset_15*bf(1)

----subject 2, run 4
Sn(4) trial_onset_1*bf(1)
Sn(4) trial_onset_2*bf(1)
Sn(4) trial_onset_3*bf(1)
Sn(4) trial_onset_4*bf(1)
Sn(4) trial_onset_5*bf(1)
Sn(4) trial_onset_6*bf(1)
Sn(4) trial_onset_7*bf(1)
Sn(4) trial_onset_8*bf(1)
Sn(4) trial_onset_9*bf(1)
Sn(4) trial_onset_10*bf(1)
Sn(4) trial_onset_11*bf(1)
Sn(4) trial_onset_12*bf(1)
Sn(4) trial_onset_13*bf(1)
Sn(4) trial_onset_14*bf(1)
Sn(4) trial_onset_15*bf(1)

----subject 2, run 5
Sn(5) trial_onset_1*bf(1)
Sn(5) trial_onset_2*bf(1)
Sn(5) trial_onset_3*bf(1)
Sn(5) trial_onset_4*bf(1)
Sn(5) trial_onset_5*bf(1)
Sn(5) trial_onset_6*bf(1)
Sn(5) trial_onset_7*bf(1)
Sn(5) trial_onset_8*bf(1)
Sn(5) trial_onset_9*bf(1)
Sn(5) trial_onset_10*bf(1)
Sn(5) trial_onset_11*bf(1)
Sn(5) trial_onset_12*bf(1)
Sn(5) trial_onset_13*bf(1)
Sn(5) trial_onset_14*bf(1)
Sn(5) trial_onset_15*bf(1)

----subject 2, run 6
Sn(6) trial_onset_1*bf(1)
Sn(6) trial_onset_2*bf(1)
Sn(6) trial_onset_3*bf(1)
Sn(6) trial_onset_4*bf(1)
Sn(6) trial_onset_5*bf(1)
Sn(6) trial_onset_6*bf(1)
Sn(6) trial_onset_7*bf(1)
Sn(6) trial_onset_8*bf(1)
Sn(6) trial_onset_9*bf(1)
Sn(6) trial_onset_10*bf(1)
Sn(6) trial_onset_11*bf(1)
Sn(6) trial_onset_12*bf(1)
Sn(6) trial_onset_13*bf(1)
Sn(6) trial_onset_14*bf(1)
Sn(6) trial_onset_15*bf(1)

----subject 2, run 7
Sn(7) trial_onset_1*bf(1)
Sn(7) trial_onset_2*bf(1)
Sn(7) trial_onset_3*bf(1)
Sn(7) trial_onset_4*bf(1)
Sn(7) trial_onset_5*bf(1)
Sn(7) trial_onset_6*bf(1)
Sn(7) trial_onset_7*bf(1)
Sn(7) trial_onset_8*bf(1)
Sn(7) trial_onset_9*bf(1)
Sn(7) trial_onset_10*bf(1)
Sn(7) trial_onset_11*bf(1)
Sn(7) trial_onset_12*bf(1)
Sn(7) trial_onset_13*bf(1)
Sn(7) trial_onset_14*bf(1)
Sn(7) trial_onset_15*bf(1)

----subject 2, run 8
Sn(8) trial_onset_1*bf(1)
Sn(8) trial_onset_2*bf(1)
Sn(8) trial_onset_3*bf(1)
Sn(8) trial_onset_4*bf(1)
Sn(8) trial_onset_5*bf(1)
Sn(8) trial_onset_6*bf(1)
Sn(8) trial_onset_7*bf(1)
Sn(8) trial_onset_8*bf(1)
Sn(8) trial_onset_9*bf(1)
Sn(8) trial_onset_10*bf(1)
Sn(8) trial_onset_11*bf(1)
Sn(8) trial_onset_12*bf(1)
Sn(8) trial_onset_13*bf(1)
Sn(8) trial_onset_14*bf(1)
Sn(8) trial_onset_15*bf(1)

----subject 2, run 9
Sn(9) trial_onset_1*bf(1)
Sn(9) trial_onset_2*bf(1)
Sn(9) trial_onset_3*bf(1)
Sn(9) trial_onset_4*bf(1)
Sn(9) trial_onset_5*bf(1)
Sn(9) trial_onset_6*bf(1)
Sn(9) trial_onset_7*bf(1)
Sn(9) trial_onset_8*bf(1)
Sn(9) trial_onset_9*bf(1)
Sn(9) trial_onset_10*bf(1)
Sn(9) trial_onset_11*bf(1)
Sn(9) trial_onset_12*bf(1)
Sn(9) trial_onset_13*bf(1)
Sn(9) trial_onset_14*bf(1)
Sn(9) trial_onset_15*bf(1)

----subject 4, run 1
Sn(1) trial_onset_1*bf(1)
Sn(1) trial_onset_2*bf(1)
Sn(1) trial_onset_3*bf(1)
Sn(1) trial_onset_4*bf(1)
Sn(1) trial_onset_5*bf(1)
Sn(1) trial_onset_6*bf(1)
Sn(1) trial_onset_7*bf(1)
Sn(1) trial_onset_8*bf(1)
Sn(1) trial_onset_9*bf(1)
Sn(1) trial_onset_10*bf(1)
Sn(1) trial_onset_11*bf(1)
Sn(1) trial_onset_12*bf(1)
Sn(1) trial_onset_13*bf(1)
Sn(1) trial_onset_14*bf(1)
Sn(1) trial_onset_15*bf(1)

----subject 4, run 2
Sn(2) trial_onset_1*bf(1)
Sn(2) trial_onset_2*bf(1)
Sn(2) trial_onset_3*bf(1)
Sn(2) trial_onset_4*bf(1)
Sn(2) trial_onset_5*bf(1)
Sn(2) trial_onset_6*bf(1)
Sn(2) trial_onset_7*bf(1)
Sn(2) trial_onset_8*bf(1)
Sn(2) trial_onset_9*bf(1)
Sn(2) trial_onset_10*bf(1)
Sn(2) trial_onset_11*bf(1)
Sn(2) trial_onset_12*bf(1)
Sn(2) trial_onset_13*bf(1)
Sn(2) trial_onset_14*bf(1)
Sn(2) trial_onset_15*bf(1)

----subject 4, run 3
Sn(3) trial_onset_1*bf(1)
Sn(3) trial_onset_2*bf(1)
Sn(3) trial_onset_3*bf(1)
Sn(3) trial_onset_4*bf(1)
Sn(3) trial_onset_5*bf(1)
Sn(3) trial_onset_6*bf(1)
Sn(3) trial_onset_7*bf(1)
Sn(3) trial_onset_8*bf(1)
Sn(3) trial_onset_9*bf(1)
Sn(3) trial_onset_10*bf(1)
Sn(3) trial_onset_11*bf(1)
Sn(3) trial_onset_12*bf(1)
Sn(3) trial_onset_13*bf(1)
Sn(3) trial_onset_14*bf(1)
Sn(3) trial_onset_15*bf(1)

----subject 4, run 4
Sn(4) trial_onset_1*bf(1)
Sn(4) trial_onset_2*bf(1)
Sn(4) trial_onset_3*bf(1)
Sn(4) trial_onset_4*bf(1)
Sn(4) trial_onset_5*bf(1)
Sn(4) trial_onset_6*bf(1)
Sn(4) trial_onset_7*bf(1)
Sn(4) trial_onset_8*bf(1)
Sn(4) trial_onset_9*bf(1)
Sn(4) trial_onset_10*bf(1)
Sn(4) trial_onset_11*bf(1)
Sn(4) trial_onset_12*bf(1)
Sn(4) trial_onset_13*bf(1)
Sn(4) trial_onset_14*bf(1)
Sn(4) trial_onset_15*bf(1)

----subject 4, run 5
Sn(5) trial_onset_1*bf(1)
Sn(5) trial_onset_2*bf(1)
Sn(5) trial_onset_3*bf(1)
Sn(5) trial_onset_4*bf(1)
Sn(5) trial_onset_5*bf(1)
Sn(5) trial_onset_6*bf(1)
Sn(5) trial_onset_7*bf(1)
Sn(5) trial_onset_8*bf(1)
Sn(5) trial_onset_9*bf(1)
Sn(5) trial_onset_10*bf(1)
Sn(5) trial_onset_11*bf(1)
Sn(5) trial_onset_12*bf(1)
Sn(5) trial_onset_13*bf(1)
Sn(5) trial_onset_14*bf(1)
Sn(5) trial_onset_15*bf(1)

----subject 4, run 6
Sn(6) trial_onset_1*bf(1)
Sn(6) trial_onset_2*bf(1)
Sn(6) trial_onset_3*bf(1)
Sn(6) trial_onset_4*bf(1)
Sn(6) trial_onset_5*bf(1)
Sn(6) trial_onset_6*bf(1)
Sn(6) trial_onset_7*bf(1)
Sn(6) trial_onset_8*bf(1)
Sn(6) trial_onset_9*bf(1)
Sn(6) trial_onset_10*bf(1)
Sn(6) trial_onset_11*bf(1)
Sn(6) trial_onset_12*bf(1)
Sn(6) trial_onset_13*bf(1)
Sn(6) trial_onset_14*bf(1)
Sn(6) trial_onset_15*bf(1)

----subject 4, run 7
Sn(7) trial_onset_1*bf(1)
Sn(7) trial_onset_2*bf(1)
Sn(7) trial_onset_3*bf(1)
Sn(7) trial_onset_4*bf(1)
Sn(7) trial_onset_5*bf(1)
Sn(7) trial_onset_6*bf(1)
Sn(7) trial_onset_7*bf(1)
Sn(7) trial_onset_8*bf(1)
Sn(7) trial_onset_9*bf(1)
Sn(7) trial_onset_10*bf(1)
Sn(7) trial_onset_11*bf(1)
Sn(7) trial_onset_12*bf(1)
Sn(7) trial_onset_13*bf(1)
Sn(7) trial_onset_14*bf(1)
Sn(7) trial_onset_15*bf(1)

----subject 4, run 8
Sn(8) trial_onset_1*bf(1)
Sn(8) trial_onset_2*bf(1)
Sn(8) trial_onset_3*bf(1)
Sn(8) trial_onset_4*bf(1)
Sn(8) trial_onset_5*bf(1)
Sn(8) trial_onset_6*bf(1)
Sn(8) trial_onset_7*bf(1)
Sn(8) trial_onset_8*bf(1)
Sn(8) trial_onset_9*bf(1)
Sn(8) trial_onset_10*bf(1)
Sn(8) trial_onset_11*bf(1)
Sn(8) trial_onset_12*bf(1)
Sn(8) trial_onset_13*bf(1)
Sn(8) trial_onset_14*bf(1)
Sn(8) trial_onset_15*bf(1)

----subject 4, run 9
Sn(9) trial_onset_1*bf(1)
Sn(9) trial_onset_2*bf(1)
Sn(9) trial_onset_3*bf(1)
Sn(9) trial_onset_4*bf(1)
Sn(9) trial_onset_5*bf(1)
Sn(9) trial_onset_6*bf(1)
Sn(9) trial_onset_7*bf(1)
Sn(9) trial_onset_8*bf(1)
Sn(9) trial_onset_9*bf(1)
Sn(9) trial_onset_10*bf(1)
Sn(9) trial_onset_11*bf(1)
Sn(9) trial_onset_12*bf(1)
Sn(9) trial_onset_13*bf(1)
Sn(9) trial_onset_14*bf(1)
Sn(9) trial_onset_15*bf(1)

----subject 6, run 1
Sn(1) trial_onset_1*bf(1)
Sn(1) trial_onset_2*bf(1)
Sn(1) trial_onset_3*bf(1)
Sn(1) trial_onset_4*bf(1)
Sn(1) trial_onset_5*bf(1)
Sn(1) trial_onset_6*bf(1)
Sn(1) trial_onset_7*bf(1)
Sn(1) trial_onset_8*bf(1)
Sn(1) trial_onset_9*bf(1)
Sn(1) trial_onset_10*bf(1)
Sn(1) trial_onset_11*bf(1)
Sn(1) trial_onset_12*bf(1)
Sn(1) trial_onset_13*bf(1)
Sn(1) trial_onset_14*bf(1)
Sn(1) trial_onset_15*bf(1)

----subject 6, run 2
Sn(2) trial_onset_1*bf(1)
Sn(2) trial_onset_2*bf(1)
Sn(2) trial_onset_3*bf(1)
Sn(2) trial_onset_4*bf(1)
Sn(2) trial_onset_5*bf(1)
Sn(2) trial_onset_6*bf(1)
Sn(2) trial_onset_7*bf(1)
Sn(2) trial_onset_8*bf(1)
Sn(2) trial_onset_9*bf(1)
Sn(2) trial_onset_10*bf(1)
Sn(2) trial_onset_11*bf(1)
Sn(2) trial_onset_12*bf(1)
Sn(2) trial_onset_13*bf(1)
Sn(2) trial_onset_14*bf(1)
Sn(2) trial_onset_15*bf(1)

----subject 6, run 3
Sn(3) trial_onset_1*bf(1)
Sn(3) trial_onset_2*bf(1)
Sn(3) trial_onset_3*bf(1)
Sn(3) trial_onset_4*bf(1)
Sn(3) trial_onset_5*bf(1)
Sn(3) trial_onset_6*bf(1)
Sn(3) trial_onset_7*bf(1)
Sn(3) trial_onset_8*bf(1)
Sn(3) trial_onset_9*bf(1)
Sn(3) trial_onset_10*bf(1)
Sn(3) trial_onset_11*bf(1)
Sn(3) trial_onset_12*bf(1)
Sn(3) trial_onset_13*bf(1)
Sn(3) trial_onset_14*bf(1)
Sn(3) trial_onset_15*bf(1)

----subject 6, run 4
Sn(4) trial_onset_1*bf(1)
Sn(4) trial_onset_2*bf(1)
Sn(4) trial_onset_3*bf(1)
Sn(4) trial_onset_4*bf(1)
Sn(4) trial_onset_5*bf(1)
Sn(4) trial_onset_6*bf(1)
Sn(4) trial_onset_7*bf(1)
Sn(4) trial_onset_8*bf(1)
Sn(4) trial_onset_9*bf(1)
Sn(4) trial_onset_10*bf(1)
Sn(4) trial_onset_11*bf(1)
Sn(4) trial_onset_12*bf(1)
Sn(4) trial_onset_13*bf(1)
Sn(4) trial_onset_14*bf(1)
Sn(4) trial_onset_15*bf(1)

----subject 6, run 5
Sn(5) trial_onset_1*bf(1)
Sn(5) trial_onset_2*bf(1)
Sn(5) trial_onset_3*bf(1)
Sn(5) trial_onset_4*bf(1)
Sn(5) trial_onset_5*bf(1)
Sn(5) trial_onset_6*bf(1)
Sn(5) trial_onset_7*bf(1)
Sn(5) trial_onset_8*bf(1)
Sn(5) trial_onset_9*bf(1)
Sn(5) trial_onset_10*bf(1)
Sn(5) trial_onset_11*bf(1)
Sn(5) trial_onset_12*bf(1)
Sn(5) trial_onset_13*bf(1)
Sn(5) trial_onset_14*bf(1)
Sn(5) trial_onset_15*bf(1)

----subject 6, run 6
Sn(6) trial_onset_1*bf(1)
Sn(6) trial_onset_2*bf(1)
Sn(6) trial_onset_3*bf(1)
Sn(6) trial_onset_4*bf(1)
Sn(6) trial_onset_5*bf(1)
Sn(6) trial_onset_6*bf(1)
Sn(6) trial_onset_7*bf(1)
Sn(6) trial_onset_8*bf(1)
Sn(6) trial_onset_9*bf(1)
Sn(6) trial_onset_10*bf(1)
Sn(6) trial_onset_11*bf(1)
Sn(6) trial_onset_12*bf(1)
Sn(6) trial_onset_13*bf(1)
Sn(6) trial_onset_14*bf(1)
Sn(6) trial_onset_15*bf(1)

----subject 6, run 7
Sn(7) trial_onset_1*bf(1)
Sn(7) trial_onset_2*bf(1)
Sn(7) trial_onset_3*bf(1)
Sn(7) trial_onset_4*bf(1)
Sn(7) trial_onset_5*bf(1)
Sn(7) trial_onset_6*bf(1)
Sn(7) trial_onset_7*bf(1)
Sn(7) trial_onset_8*bf(1)
Sn(7) trial_onset_9*bf(1)
Sn(7) trial_onset_10*bf(1)
Sn(7) trial_onset_11*bf(1)
Sn(7) trial_onset_12*bf(1)
Sn(7) trial_onset_13*bf(1)
Sn(7) trial_onset_14*bf(1)
Sn(7) trial_onset_15*bf(1)

----subject 6, run 8
Sn(8) trial_onset_1*bf(1)
Sn(8) trial_onset_2*bf(1)
Sn(8) trial_onset_3*bf(1)
Sn(8) trial_onset_4*bf(1)
Sn(8) trial_onset_5*bf(1)
Sn(8) trial_onset_6*bf(1)
Sn(8) trial_onset_7*bf(1)
Sn(8) trial_onset_8*bf(1)
Sn(8) trial_onset_9*bf(1)
Sn(8) trial_onset_10*bf(1)
Sn(8) trial_onset_11*bf(1)
Sn(8) trial_onset_12*bf(1)
Sn(8) trial_onset_13*bf(1)
Sn(8) trial_onset_14*bf(1)
Sn(8) trial_onset_15*bf(1)

----subject 6, run 9
Sn(9) trial_onset_1*bf(1)
Sn(9) trial_onset_2*bf(1)
Sn(9) trial_onset_3*bf(1)
Sn(9) trial_onset_4*bf(1)
Sn(9) trial_onset_5*bf(1)
Sn(9) trial_onset_6*bf(1)
Sn(9) trial_onset_7*bf(1)
Sn(9) trial_onset_8*bf(1)
Sn(9) trial_onset_9*bf(1)
Sn(9) trial_onset_10*bf(1)
Sn(9) trial_onset_11*bf(1)
Sn(9) trial_onset_12*bf(1)
Sn(9) trial_onset_13*bf(1)
Sn(9) trial_onset_14*bf(1)
Sn(9) trial_onset_15*bf(1)

----subject 10, run 1
Sn(1) trial_onset_1*bf(1)
Sn(1) trial_onset_2*bf(1)
Sn(1) trial_onset_3*bf(1)
Sn(1) trial_onset_4*bf(1)
Sn(1) trial_onset_5*bf(1)
Sn(1) trial_onset_6*bf(1)
Sn(1) trial_onset_7*bf(1)
Sn(1) trial_onset_8*bf(1)
Sn(1) trial_onset_9*bf(1)
Sn(1) trial_onset_10*bf(1)
Sn(1) trial_onset_11*bf(1)
Sn(1) trial_onset_12*bf(1)
Sn(1) trial_onset_13*bf(1)
Sn(1) trial_onset_14*bf(1)
Sn(1) trial_onset_15*bf(1)

----subject 10, run 2
Sn(2) trial_onset_1*bf(1)
Sn(2) trial_onset_2*bf(1)
Sn(2) trial_onset_3*bf(1)
Sn(2) trial_onset_4*bf(1)
Sn(2) trial_onset_5*bf(1)
Sn(2) trial_onset_6*bf(1)
Sn(2) trial_onset_7*bf(1)
Sn(2) trial_onset_8*bf(1)
Sn(2) trial_onset_9*bf(1)
Sn(2) trial_onset_10*bf(1)
Sn(2) trial_onset_11*bf(1)
Sn(2) trial_onset_12*bf(1)
Sn(2) trial_onset_13*bf(1)
Sn(2) trial_onset_14*bf(1)
Sn(2) trial_onset_15*bf(1)

----subject 10, run 3
Sn(3) trial_onset_1*bf(1)
Sn(3) trial_onset_2*bf(1)
Sn(3) trial_onset_3*bf(1)
Sn(3) trial_onset_4*bf(1)
Sn(3) trial_onset_5*bf(1)
Sn(3) trial_onset_6*bf(1)
Sn(3) trial_onset_7*bf(1)
Sn(3) trial_onset_8*bf(1)
Sn(3) trial_onset_9*bf(1)
Sn(3) trial_onset_10*bf(1)
Sn(3) trial_onset_11*bf(1)
Sn(3) trial_onset_12*bf(1)
Sn(3) trial_onset_13*bf(1)
Sn(3) trial_onset_14*bf(1)
Sn(3) trial_onset_15*bf(1)

----subject 10, run 4
Sn(4) trial_onset_1*bf(1)
Sn(4) trial_onset_2*bf(1)
Sn(4) trial_onset_3*bf(1)
Sn(4) trial_onset_4*bf(1)
Sn(4) trial_onset_5*bf(1)
Sn(4) trial_onset_6*bf(1)
Sn(4) trial_onset_7*bf(1)
Sn(4) trial_onset_8*bf(1)
Sn(4) trial_onset_9*bf(1)
Sn(4) trial_onset_10*bf(1)
Sn(4) trial_onset_11*bf(1)
Sn(4) trial_onset_12*bf(1)
Sn(4) trial_onset_13*bf(1)
Sn(4) trial_onset_14*bf(1)
Sn(4) trial_onset_15*bf(1)

----subject 10, run 5
Sn(5) trial_onset_1*bf(1)
Sn(5) trial_onset_2*bf(1)
Sn(5) trial_onset_3*bf(1)
Sn(5) trial_onset_4*bf(1)
Sn(5) trial_onset_5*bf(1)
Sn(5) trial_onset_6*bf(1)
Sn(5) trial_onset_7*bf(1)
Sn(5) trial_onset_8*bf(1)
Sn(5) trial_onset_9*bf(1)
Sn(5) trial_onset_10*bf(1)
Sn(5) trial_onset_11*bf(1)
Sn(5) trial_onset_12*bf(1)
Sn(5) trial_onset_13*bf(1)
Sn(5) trial_onset_14*bf(1)
Sn(5) trial_onset_15*bf(1)

----subject 10, run 6
Sn(6) trial_onset_1*bf(1)
Sn(6) trial_onset_2*bf(1)
Sn(6) trial_onset_3*bf(1)
Sn(6) trial_onset_4*bf(1)
Sn(6) trial_onset_5*bf(1)
Sn(6) trial_onset_6*bf(1)
Sn(6) trial_onset_7*bf(1)
Sn(6) trial_onset_8*bf(1)
Sn(6) trial_onset_9*bf(1)
Sn(6) trial_onset_10*bf(1)
Sn(6) trial_onset_11*bf(1)
Sn(6) trial_onset_12*bf(1)
Sn(6) trial_onset_13*bf(1)
Sn(6) trial_onset_14*bf(1)
Sn(6) trial_onset_15*bf(1)

----subject 10, run 7
Sn(7) trial_onset_1*bf(1)
Sn(7) trial_onset_2*bf(1)
Sn(7) trial_onset_3*bf(1)
Sn(7) trial_onset_4*bf(1)
Sn(7) trial_onset_5*bf(1)
Sn(7) trial_onset_6*bf(1)
Sn(7) trial_onset_7*bf(1)
Sn(7) trial_onset_8*bf(1)
Sn(7) trial_onset_9*bf(1)
Sn(7) trial_onset_10*bf(1)
Sn(7) trial_onset_11*bf(1)
Sn(7) trial_onset_12*bf(1)
Sn(7) trial_onset_13*bf(1)
Sn(7) trial_onset_14*bf(1)
Sn(7) trial_onset_15*bf(1)

----subject 10, run 8
Sn(8) trial_onset_1*bf(1)
Sn(8) trial_onset_2*bf(1)
Sn(8) trial_onset_3*bf(1)
Sn(8) trial_onset_4*bf(1)
Sn(8) trial_onset_5*bf(1)
Sn(8) trial_onset_6*bf(1)
Sn(8) trial_onset_7*bf(1)
Sn(8) trial_onset_8*bf(1)
Sn(8) trial_onset_9*bf(1)
Sn(8) trial_onset_10*bf(1)
Sn(8) trial_onset_11*bf(1)
Sn(8) trial_onset_12*bf(1)
Sn(8) trial_onset_13*bf(1)
Sn(8) trial_onset_14*bf(1)
Sn(8) trial_onset_15*bf(1)

----subject 10, run 9
Sn(9) trial_onset_1*bf(1)
Sn(9) trial_onset_2*bf(1)
Sn(9) trial_onset_3*bf(1)
Sn(9) trial_onset_4*bf(1)
Sn(9) trial_onset_5*bf(1)
Sn(9) trial_onset_6*bf(1)
Sn(9) trial_onset_7*bf(1)
Sn(9) trial_onset_8*bf(1)
Sn(9) trial_onset_9*bf(1)
Sn(9) trial_onset_10*bf(1)
Sn(9) trial_onset_11*bf(1)
Sn(9) trial_onset_12*bf(1)
Sn(9) trial_onset_13*bf(1)
Sn(9) trial_onset_14*bf(1)
Sn(9) trial_onset_15*bf(1)

----subject 11, run 1
Sn(1) trial_onset_1*bf(1)
Sn(1) trial_onset_2*bf(1)
Sn(1) trial_onset_3*bf(1)
Sn(1) trial_onset_4*bf(1)
Sn(1) trial_onset_5*bf(1)
Sn(1) trial_onset_6*bf(1)
Sn(1) trial_onset_7*bf(1)
Sn(1) trial_onset_8*bf(1)
Sn(1) trial_onset_9*bf(1)
Sn(1) trial_onset_10*bf(1)
Sn(1) trial_onset_11*bf(1)
Sn(1) trial_onset_12*bf(1)
Sn(1) trial_onset_13*bf(1)
Sn(1) trial_onset_14*bf(1)
Sn(1) trial_onset_15*bf(1)

----subject 11, run 2
Sn(2) trial_onset_1*bf(1)
Sn(2) trial_onset_2*bf(1)
Sn(2) trial_onset_3*bf(1)
Sn(2) trial_onset_4*bf(1)
Sn(2) trial_onset_5*bf(1)
Sn(2) trial_onset_6*bf(1)
Sn(2) trial_onset_7*bf(1)
Sn(2) trial_onset_8*bf(1)
Sn(2) trial_onset_9*bf(1)
Sn(2) trial_onset_10*bf(1)
Sn(2) trial_onset_11*bf(1)
Sn(2) trial_onset_12*bf(1)
Sn(2) trial_onset_13*bf(1)
Sn(2) trial_onset_14*bf(1)
Sn(2) trial_onset_15*bf(1)

----subject 11, run 3
Sn(3) trial_onset_1*bf(1)
Sn(3) trial_onset_2*bf(1)
Sn(3) trial_onset_3*bf(1)
Sn(3) trial_onset_4*bf(1)
Sn(3) trial_onset_5*bf(1)
Sn(3) trial_onset_6*bf(1)
Sn(3) trial_onset_7*bf(1)
Sn(3) trial_onset_8*bf(1)
Sn(3) trial_onset_9*bf(1)
Sn(3) trial_onset_10*bf(1)
Sn(3) trial_onset_11*bf(1)
Sn(3) trial_onset_12*bf(1)
Sn(3) trial_onset_13*bf(1)
Sn(3) trial_onset_14*bf(1)
Sn(3) trial_onset_15*bf(1)

----subject 11, run 4
Sn(4) trial_onset_1*bf(1)
Sn(4) trial_onset_2*bf(1)
Sn(4) trial_onset_3*bf(1)
Sn(4) trial_onset_4*bf(1)
Sn(4) trial_onset_5*bf(1)
Sn(4) trial_onset_6*bf(1)
Sn(4) trial_onset_7*bf(1)
Sn(4) trial_onset_8*bf(1)
Sn(4) trial_onset_9*bf(1)
Sn(4) trial_onset_10*bf(1)
Sn(4) trial_onset_11*bf(1)
Sn(4) trial_onset_12*bf(1)
Sn(4) trial_onset_13*bf(1)
Sn(4) trial_onset_14*bf(1)
Sn(4) trial_onset_15*bf(1)

----subject 11, run 5
Sn(5) trial_onset_1*bf(1)
Sn(5) trial_onset_2*bf(1)
Sn(5) trial_onset_3*bf(1)
Sn(5) trial_onset_4*bf(1)
Sn(5) trial_onset_5*bf(1)
Sn(5) trial_onset_6*bf(1)
Sn(5) trial_onset_7*bf(1)
Sn(5) trial_onset_8*bf(1)
Sn(5) trial_onset_9*bf(1)
Sn(5) trial_onset_10*bf(1)
Sn(5) trial_onset_11*bf(1)
Sn(5) trial_onset_12*bf(1)
Sn(5) trial_onset_13*bf(1)
Sn(5) trial_onset_14*bf(1)
Sn(5) trial_onset_15*bf(1)

----subject 11, run 6
Sn(6) trial_onset_1*bf(1)
Sn(6) trial_onset_2*bf(1)
Sn(6) trial_onset_3*bf(1)
Sn(6) trial_onset_4*bf(1)
Sn(6) trial_onset_5*bf(1)
Sn(6) trial_onset_6*bf(1)
Sn(6) trial_onset_7*bf(1)
Sn(6) trial_onset_8*bf(1)
Sn(6) trial_onset_9*bf(1)
Sn(6) trial_onset_10*bf(1)
Sn(6) trial_onset_11*bf(1)
Sn(6) trial_onset_12*bf(1)
Sn(6) trial_onset_13*bf(1)
Sn(6) trial_onset_14*bf(1)
Sn(6) trial_onset_15*bf(1)

----subject 11, run 7
Sn(7) trial_onset_1*bf(1)
Sn(7) trial_onset_2*bf(1)
Sn(7) trial_onset_3*bf(1)
Sn(7) trial_onset_4*bf(1)
Sn(7) trial_onset_5*bf(1)
Sn(7) trial_onset_6*bf(1)
Sn(7) trial_onset_7*bf(1)
Sn(7) trial_onset_8*bf(1)
Sn(7) trial_onset_9*bf(1)
Sn(7) trial_onset_10*bf(1)
Sn(7) trial_onset_11*bf(1)
Sn(7) trial_onset_12*bf(1)
Sn(7) trial_onset_13*bf(1)
Sn(7) trial_onset_14*bf(1)
Sn(7) trial_onset_15*bf(1)

----subject 11, run 8
Sn(8) trial_onset_1*bf(1)
Sn(8) trial_onset_2*bf(1)
Sn(8) trial_onset_3*bf(1)
Sn(8) trial_onset_4*bf(1)
Sn(8) trial_onset_5*bf(1)
Sn(8) trial_onset_6*bf(1)
Sn(8) trial_onset_7*bf(1)
Sn(8) trial_onset_8*bf(1)
Sn(8) trial_onset_9*bf(1)
Sn(8) trial_onset_10*bf(1)
Sn(8) trial_onset_11*bf(1)
Sn(8) trial_onset_12*bf(1)
Sn(8) trial_onset_13*bf(1)
Sn(8) trial_onset_14*bf(1)
Sn(8) trial_onset_15*bf(1)

----subject 11, run 9
Sn(9) trial_onset_1*bf(1)
Sn(9) trial_onset_2*bf(1)
Sn(9) trial_onset_3*bf(1)
Sn(9) trial_onset_4*bf(1)
Sn(9) trial_onset_5*bf(1)
Sn(9) trial_onset_6*bf(1)
Sn(9) trial_onset_7*bf(1)
Sn(9) trial_onset_8*bf(1)
Sn(9) trial_onset_9*bf(1)
Sn(9) trial_onset_10*bf(1)
Sn(9) trial_onset_11*bf(1)
Sn(9) trial_onset_12*bf(1)
Sn(9) trial_onset_13*bf(1)
Sn(9) trial_onset_14*bf(1)
Sn(9) trial_onset_15*bf(1)

----subject 12, run 1
Sn(1) trial_onset_1*bf(1)
Sn(1) trial_onset_2*bf(1)
Sn(1) trial_onset_3*bf(1)
Sn(1) trial_onset_4*bf(1)
Sn(1) trial_onset_5*bf(1)
Sn(1) trial_onset_6*bf(1)
Sn(1) trial_onset_7*bf(1)
Sn(1) trial_onset_8*bf(1)
Sn(1) trial_onset_9*bf(1)
Sn(1) trial_onset_10*bf(1)
Sn(1) trial_onset_11*bf(1)
Sn(1) trial_onset_12*bf(1)
Sn(1) trial_onset_13*bf(1)
Sn(1) trial_onset_14*bf(1)
Sn(1) trial_onset_15*bf(1)

----subject 12, run 2
Sn(2) trial_onset_1*bf(1)
Sn(2) trial_onset_2*bf(1)
Sn(2) trial_onset_3*bf(1)
Sn(2) trial_onset_4*bf(1)
Sn(2) trial_onset_5*bf(1)
Sn(2) trial_onset_6*bf(1)
Sn(2) trial_onset_7*bf(1)
Sn(2) trial_onset_8*bf(1)
Sn(2) trial_onset_9*bf(1)
Sn(2) trial_onset_10*bf(1)
Sn(2) trial_onset_11*bf(1)
Sn(2) trial_onset_12*bf(1)
Sn(2) trial_onset_13*bf(1)
Sn(2) trial_onset_14*bf(1)
Sn(2) trial_onset_15*bf(1)

----subject 12, run 3
Sn(3) trial_onset_1*bf(1)
Sn(3) trial_onset_2*bf(1)
Sn(3) trial_onset_3*bf(1)
Sn(3) trial_onset_4*bf(1)
Sn(3) trial_onset_5*bf(1)
Sn(3) trial_onset_6*bf(1)
Sn(3) trial_onset_7*bf(1)
Sn(3) trial_onset_8*bf(1)
Sn(3) trial_onset_9*bf(1)
Sn(3) trial_onset_10*bf(1)
Sn(3) trial_onset_11*bf(1)
Sn(3) trial_onset_12*bf(1)
Sn(3) trial_onset_13*bf(1)
Sn(3) trial_onset_14*bf(1)
Sn(3) trial_onset_15*bf(1)

----subject 12, run 4
Sn(4) trial_onset_1*bf(1)
Sn(4) trial_onset_2*bf(1)
Sn(4) trial_onset_3*bf(1)
Sn(4) trial_onset_4*bf(1)
Sn(4) trial_onset_5*bf(1)
Sn(4) trial_onset_6*bf(1)
Sn(4) trial_onset_7*bf(1)
Sn(4) trial_onset_8*bf(1)
Sn(4) trial_onset_9*bf(1)
Sn(4) trial_onset_10*bf(1)
Sn(4) trial_onset_11*bf(1)
Sn(4) trial_onset_12*bf(1)
Sn(4) trial_onset_13*bf(1)
Sn(4) trial_onset_14*bf(1)
Sn(4) trial_onset_15*bf(1)

----subject 12, run 5
Sn(5) trial_onset_1*bf(1)
Sn(5) trial_onset_2*bf(1)
Sn(5) trial_onset_3*bf(1)
Sn(5) trial_onset_4*bf(1)
Sn(5) trial_onset_5*bf(1)
Sn(5) trial_onset_6*bf(1)
Sn(5) trial_onset_7*bf(1)
Sn(5) trial_onset_8*bf(1)
Sn(5) trial_onset_9*bf(1)
Sn(5) trial_onset_10*bf(1)
Sn(5) trial_onset_11*bf(1)
Sn(5) trial_onset_12*bf(1)
Sn(5) trial_onset_13*bf(1)
Sn(5) trial_onset_14*bf(1)
Sn(5) trial_onset_15*bf(1)

----subject 12, run 6
Sn(6) trial_onset_1*bf(1)
Sn(6) trial_onset_2*bf(1)
Sn(6) trial_onset_3*bf(1)
Sn(6) trial_onset_4*bf(1)
Sn(6) trial_onset_5*bf(1)
Sn(6) trial_onset_6*bf(1)
Sn(6) trial_onset_7*bf(1)
Sn(6) trial_onset_8*bf(1)
Sn(6) trial_onset_9*bf(1)
Sn(6) trial_onset_10*bf(1)
Sn(6) trial_onset_11*bf(1)
Sn(6) trial_onset_12*bf(1)
Sn(6) trial_onset_13*bf(1)
Sn(6) trial_onset_14*bf(1)
Sn(6) trial_onset_15*bf(1)

----subject 12, run 7
Sn(7) trial_onset_1*bf(1)
Sn(7) trial_onset_2*bf(1)
Sn(7) trial_onset_3*bf(1)
Sn(7) trial_onset_4*bf(1)
Sn(7) trial_onset_5*bf(1)
Sn(7) trial_onset_6*bf(1)
Sn(7) trial_onset_7*bf(1)
Sn(7) trial_onset_8*bf(1)
Sn(7) trial_onset_9*bf(1)
Sn(7) trial_onset_10*bf(1)
Sn(7) trial_onset_11*bf(1)
Sn(7) trial_onset_12*bf(1)
Sn(7) trial_onset_13*bf(1)
Sn(7) trial_onset_14*bf(1)
Sn(7) trial_onset_15*bf(1)

----subject 12, run 8
Sn(8) trial_onset_1*bf(1)
Sn(8) trial_onset_2*bf(1)
Sn(8) trial_onset_3*bf(1)
Sn(8) trial_onset_4*bf(1)
Sn(8) trial_onset_5*bf(1)
Sn(8) trial_onset_6*bf(1)
Sn(8) trial_onset_7*bf(1)
Sn(8) trial_onset_8*bf(1)
Sn(8) trial_onset_9*bf(1)
Sn(8) trial_onset_10*bf(1)
Sn(8) trial_onset_11*bf(1)
Sn(8) trial_onset_12*bf(1)
Sn(8) trial_onset_13*bf(1)
Sn(8) trial_onset_14*bf(1)
Sn(8) trial_onset_15*bf(1)

----subject 12, run 9
Sn(9) trial_onset_1*bf(1)
Sn(9) trial_onset_2*bf(1)
Sn(9) trial_onset_3*bf(1)
Sn(9) trial_onset_4*bf(1)
Sn(9) trial_onset_5*bf(1)
Sn(9) trial_onset_6*bf(1)
Sn(9) trial_onset_7*bf(1)
Sn(9) trial_onset_8*bf(1)
Sn(9) trial_onset_9*bf(1)
Sn(9) trial_onset_10*bf(1)
Sn(9) trial_onset_11*bf(1)
Sn(9) trial_onset_12*bf(1)
Sn(9) trial_onset_13*bf(1)
Sn(9) trial_onset_14*bf(1)
Sn(9) trial_onset_15*bf(1)

----subject 13, run 1
Sn(1) trial_onset_1*bf(1)
Sn(1) trial_onset_2*bf(1)
Sn(1) trial_onset_3*bf(1)
Sn(1) trial_onset_4*bf(1)
Sn(1) trial_onset_5*bf(1)
Sn(1) trial_onset_6*bf(1)
Sn(1) trial_onset_7*bf(1)
Sn(1) trial_onset_8*bf(1)
Sn(1) trial_onset_9*bf(1)
Sn(1) trial_onset_10*bf(1)
Sn(1) trial_onset_11*bf(1)
Sn(1) trial_onset_12*bf(1)
Sn(1) trial_onset_13*bf(1)
Sn(1) trial_onset_14*bf(1)
Sn(1) trial_onset_15*bf(1)

----subject 13, run 2
Sn(2) trial_onset_1*bf(1)
Sn(2) trial_onset_2*bf(1)
Sn(2) trial_onset_3*bf(1)
Sn(2) trial_onset_4*bf(1)
Sn(2) trial_onset_5*bf(1)
Sn(2) trial_onset_6*bf(1)
Sn(2) trial_onset_7*bf(1)
Sn(2) trial_onset_8*bf(1)
Sn(2) trial_onset_9*bf(1)
Sn(2) trial_onset_10*bf(1)
Sn(2) trial_onset_11*bf(1)
Sn(2) trial_onset_12*bf(1)
Sn(2) trial_onset_13*bf(1)
Sn(2) trial_onset_14*bf(1)
Sn(2) trial_onset_15*bf(1)

----subject 13, run 3
Sn(3) trial_onset_1*bf(1)
Sn(3) trial_onset_2*bf(1)
Sn(3) trial_onset_3*bf(1)
Sn(3) trial_onset_4*bf(1)
Sn(3) trial_onset_5*bf(1)
Sn(3) trial_onset_6*bf(1)
Sn(3) trial_onset_7*bf(1)
Sn(3) trial_onset_8*bf(1)
Sn(3) trial_onset_9*bf(1)
Sn(3) trial_onset_10*bf(1)
Sn(3) trial_onset_11*bf(1)
Sn(3) trial_onset_12*bf(1)
Sn(3) trial_onset_13*bf(1)
Sn(3) trial_onset_14*bf(1)
Sn(3) trial_onset_15*bf(1)

----subject 13, run 4
Sn(4) trial_onset_1*bf(1)
Sn(4) trial_onset_2*bf(1)
Sn(4) trial_onset_3*bf(1)
Sn(4) trial_onset_4*bf(1)
Sn(4) trial_onset_5*bf(1)
Sn(4) trial_onset_6*bf(1)
Sn(4) trial_onset_7*bf(1)
Sn(4) trial_onset_8*bf(1)
Sn(4) trial_onset_9*bf(1)
Sn(4) trial_onset_10*bf(1)
Sn(4) trial_onset_11*bf(1)
Sn(4) trial_onset_12*bf(1)
Sn(4) trial_onset_13*bf(1)
Sn(4) trial_onset_14*bf(1)
Sn(4) trial_onset_15*bf(1)

----subject 13, run 5
Sn(5) trial_onset_1*bf(1)
Sn(5) trial_onset_2*bf(1)
Sn(5) trial_onset_3*bf(1)
Sn(5) trial_onset_4*bf(1)
Sn(5) trial_onset_5*bf(1)
Sn(5) trial_onset_6*bf(1)
Sn(5) trial_onset_7*bf(1)
Sn(5) trial_onset_8*bf(1)
Sn(5) trial_onset_9*bf(1)
Sn(5) trial_onset_10*bf(1)
Sn(5) trial_onset_11*bf(1)
Sn(5) trial_onset_12*bf(1)
Sn(5) trial_onset_13*bf(1)
Sn(5) trial_onset_14*bf(1)
Sn(5) trial_onset_15*bf(1)

----subject 13, run 6
Sn(6) trial_onset_1*bf(1)
Sn(6) trial_onset_2*bf(1)
Sn(6) trial_onset_3*bf(1)
Sn(6) trial_onset_4*bf(1)
Sn(6) trial_onset_5*bf(1)
Sn(6) trial_onset_6*bf(1)
Sn(6) trial_onset_7*bf(1)
Sn(6) trial_onset_8*bf(1)
Sn(6) trial_onset_9*bf(1)
Sn(6) trial_onset_10*bf(1)
Sn(6) trial_onset_11*bf(1)
Sn(6) trial_onset_12*bf(1)
Sn(6) trial_onset_13*bf(1)
Sn(6) trial_onset_14*bf(1)
Sn(6) trial_onset_15*bf(1)

----subject 13, run 7
Sn(7) trial_onset_1*bf(1)
Sn(7) trial_onset_2*bf(1)
Sn(7) trial_onset_3*bf(1)
Sn(7) trial_onset_4*bf(1)
Sn(7) trial_onset_5*bf(1)
Sn(7) trial_onset_6*bf(1)
Sn(7) trial_onset_7*bf(1)
Sn(7) trial_onset_8*bf(1)
Sn(7) trial_onset_9*bf(1)
Sn(7) trial_onset_10*bf(1)
Sn(7) trial_onset_11*bf(1)
Sn(7) trial_onset_12*bf(1)
Sn(7) trial_onset_13*bf(1)
Sn(7) trial_onset_14*bf(1)
Sn(7) trial_onset_15*bf(1)

----subject 13, run 8
Sn(8) trial_onset_1*bf(1)
Sn(8) trial_onset_2*bf(1)
Sn(8) trial_onset_3*bf(1)
Sn(8) trial_onset_4*bf(1)
Sn(8) trial_onset_5*bf(1)
Sn(8) trial_onset_6*bf(1)
Sn(8) trial_onset_7*bf(1)
Sn(8) trial_onset_8*bf(1)
Sn(8) trial_onset_9*bf(1)
Sn(8) trial_onset_10*bf(1)
Sn(8) trial_onset_11*bf(1)
Sn(8) trial_onset_12*bf(1)
Sn(8) trial_onset_13*bf(1)
Sn(8) trial_onset_14*bf(1)
Sn(8) trial_onset_15*bf(1)

----subject 13, run 9
Sn(9) trial_onset_1*bf(1)
Sn(9) trial_onset_2*bf(1)
Sn(9) trial_onset_3*bf(1)
Sn(9) trial_onset_4*bf(1)
Sn(9) trial_onset_5*bf(1)
Sn(9) trial_onset_6*bf(1)
Sn(9) trial_onset_7*bf(1)
Sn(9) trial_onset_8*bf(1)
Sn(9) trial_onset_9*bf(1)
Sn(9) trial_onset_10*bf(1)
Sn(9) trial_onset_11*bf(1)
Sn(9) trial_onset_12*bf(1)
Sn(9) trial_onset_13*bf(1)
Sn(9) trial_onset_14*bf(1)
Sn(9) trial_onset_15*bf(1)

----subject 14, run 1
Sn(1) trial_onset_1*bf(1)
Sn(1) trial_onset_2*bf(1)
Sn(1) trial_onset_3*bf(1)
Sn(1) trial_onset_4*bf(1)
Sn(1) trial_onset_5*bf(1)
Sn(1) trial_onset_6*bf(1)
Sn(1) trial_onset_7*bf(1)
Sn(1) trial_onset_8*bf(1)
Sn(1) trial_onset_9*bf(1)
Sn(1) trial_onset_10*bf(1)
Sn(1) trial_onset_11*bf(1)
Sn(1) trial_onset_12*bf(1)
Sn(1) trial_onset_13*bf(1)
Sn(1) trial_onset_14*bf(1)
Sn(1) trial_onset_15*bf(1)

----subject 14, run 2
Sn(2) trial_onset_1*bf(1)
Sn(2) trial_onset_2*bf(1)
Sn(2) trial_onset_3*bf(1)
Sn(2) trial_onset_4*bf(1)
Sn(2) trial_onset_5*bf(1)
Sn(2) trial_onset_6*bf(1)
Sn(2) trial_onset_7*bf(1)
Sn(2) trial_onset_8*bf(1)
Sn(2) trial_onset_9*bf(1)
Sn(2) trial_onset_10*bf(1)
Sn(2) trial_onset_11*bf(1)
Sn(2) trial_onset_12*bf(1)
Sn(2) trial_onset_13*bf(1)
Sn(2) trial_onset_14*bf(1)
Sn(2) trial_onset_15*bf(1)

----subject 14, run 3
Sn(3) trial_onset_1*bf(1)
Sn(3) trial_onset_2*bf(1)
Sn(3) trial_onset_3*bf(1)
Sn(3) trial_onset_4*bf(1)
Sn(3) trial_onset_5*bf(1)
Sn(3) trial_onset_6*bf(1)
Sn(3) trial_onset_7*bf(1)
Sn(3) trial_onset_8*bf(1)
Sn(3) trial_onset_9*bf(1)
Sn(3) trial_onset_10*bf(1)
Sn(3) trial_onset_11*bf(1)
Sn(3) trial_onset_12*bf(1)
Sn(3) trial_onset_13*bf(1)
Sn(3) trial_onset_14*bf(1)
Sn(3) trial_onset_15*bf(1)

----subject 14, run 4
Sn(4) trial_onset_1*bf(1)
Sn(4) trial_onset_2*bf(1)
Sn(4) trial_onset_3*bf(1)
Sn(4) trial_onset_4*bf(1)
Sn(4) trial_onset_5*bf(1)
Sn(4) trial_onset_6*bf(1)
Sn(4) trial_onset_7*bf(1)
Sn(4) trial_onset_8*bf(1)
Sn(4) trial_onset_9*bf(1)
Sn(4) trial_onset_10*bf(1)
Sn(4) trial_onset_11*bf(1)
Sn(4) trial_onset_12*bf(1)
Sn(4) trial_onset_13*bf(1)
Sn(4) trial_onset_14*bf(1)
Sn(4) trial_onset_15*bf(1)

----subject 14, run 5
Sn(5) trial_onset_1*bf(1)
Sn(5) trial_onset_2*bf(1)
Sn(5) trial_onset_3*bf(1)
Sn(5) trial_onset_4*bf(1)
Sn(5) trial_onset_5*bf(1)
Sn(5) trial_onset_6*bf(1)
Sn(5) trial_onset_7*bf(1)
Sn(5) trial_onset_8*bf(1)
Sn(5) trial_onset_9*bf(1)
Sn(5) trial_onset_10*bf(1)
Sn(5) trial_onset_11*bf(1)
Sn(5) trial_onset_12*bf(1)
Sn(5) trial_onset_13*bf(1)
Sn(5) trial_onset_14*bf(1)
Sn(5) trial_onset_15*bf(1)

----subject 14, run 6
Sn(6) trial_onset_1*bf(1)
Sn(6) trial_onset_2*bf(1)
Sn(6) trial_onset_3*bf(1)
Sn(6) trial_onset_4*bf(1)
Sn(6) trial_onset_5*bf(1)
Sn(6) trial_onset_6*bf(1)
Sn(6) trial_onset_7*bf(1)
Sn(6) trial_onset_8*bf(1)
Sn(6) trial_onset_9*bf(1)
Sn(6) trial_onset_10*bf(1)
Sn(6) trial_onset_11*bf(1)
Sn(6) trial_onset_12*bf(1)
Sn(6) trial_onset_13*bf(1)
Sn(6) trial_onset_14*bf(1)
Sn(6) trial_onset_15*bf(1)

----subject 14, run 7
Sn(7) trial_onset_1*bf(1)
Sn(7) trial_onset_2*bf(1)
Sn(7) trial_onset_3*bf(1)
Sn(7) trial_onset_4*bf(1)
Sn(7) trial_onset_5*bf(1)
Sn(7) trial_onset_6*bf(1)
Sn(7) trial_onset_7*bf(1)
Sn(7) trial_onset_8*bf(1)
Sn(7) trial_onset_9*bf(1)
Sn(7) trial_onset_10*bf(1)
Sn(7) trial_onset_11*bf(1)
Sn(7) trial_onset_12*bf(1)
Sn(7) trial_onset_13*bf(1)
Sn(7) trial_onset_14*bf(1)
Sn(7) trial_onset_15*bf(1)

----subject 14, run 8
Sn(8) trial_onset_1*bf(1)
Sn(8) trial_onset_2*bf(1)
Sn(8) trial_onset_3*bf(1)
Sn(8) trial_onset_4*bf(1)
Sn(8) trial_onset_5*bf(1)
Sn(8) trial_onset_6*bf(1)
Sn(8) trial_onset_7*bf(1)
Sn(8) trial_onset_8*bf(1)
Sn(8) trial_onset_9*bf(1)
Sn(8) trial_onset_10*bf(1)
Sn(8) trial_onset_11*bf(1)
Sn(8) trial_onset_12*bf(1)
Sn(8) trial_onset_13*bf(1)
Sn(8) trial_onset_14*bf(1)
Sn(8) trial_onset_15*bf(1)

----subject 14, run 9
Sn(9) trial_onset_1*bf(1)
Sn(9) trial_onset_2*bf(1)
Sn(9) trial_onset_3*bf(1)
Sn(9) trial_onset_4*bf(1)
Sn(9) trial_onset_5*bf(1)
Sn(9) trial_onset_6*bf(1)
Sn(9) trial_onset_7*bf(1)
Sn(9) trial_onset_8*bf(1)
Sn(9) trial_onset_9*bf(1)
Sn(9) trial_onset_10*bf(1)
Sn(9) trial_onset_11*bf(1)
Sn(9) trial_onset_12*bf(1)
Sn(9) trial_onset_13*bf(1)
Sn(9) trial_onset_14*bf(1)
Sn(9) trial_onset_15*bf(1)

----subject 15, run 1
Sn(1) trial_onset_1*bf(1)
Sn(1) trial_onset_2*bf(1)
Sn(1) trial_onset_3*bf(1)
Sn(1) trial_onset_4*bf(1)
Sn(1) trial_onset_5*bf(1)
Sn(1) trial_onset_6*bf(1)
Sn(1) trial_onset_7*bf(1)
Sn(1) trial_onset_8*bf(1)
Sn(1) trial_onset_9*bf(1)
Sn(1) trial_onset_10*bf(1)
Sn(1) trial_onset_11*bf(1)
Sn(1) trial_onset_12*bf(1)
Sn(1) trial_onset_13*bf(1)
Sn(1) trial_onset_14*bf(1)
Sn(1) trial_onset_15*bf(1)

----subject 15, run 2
Sn(2) trial_onset_1*bf(1)
Sn(2) trial_onset_2*bf(1)
Sn(2) trial_onset_3*bf(1)
Sn(2) trial_onset_4*bf(1)
Sn(2) trial_onset_5*bf(1)
Sn(2) trial_onset_6*bf(1)
Sn(2) trial_onset_7*bf(1)
Sn(2) trial_onset_8*bf(1)
Sn(2) trial_onset_9*bf(1)
Sn(2) trial_onset_10*bf(1)
Sn(2) trial_onset_11*bf(1)
Sn(2) trial_onset_12*bf(1)
Sn(2) trial_onset_13*bf(1)
Sn(2) trial_onset_14*bf(1)
Sn(2) trial_onset_15*bf(1)

----subject 15, run 3
Sn(3) trial_onset_1*bf(1)
Sn(3) trial_onset_2*bf(1)
Sn(3) trial_onset_3*bf(1)
Sn(3) trial_onset_4*bf(1)
Sn(3) trial_onset_5*bf(1)
Sn(3) trial_onset_6*bf(1)
Sn(3) trial_onset_7*bf(1)
Sn(3) trial_onset_8*bf(1)
Sn(3) trial_onset_9*bf(1)
Sn(3) trial_onset_10*bf(1)
Sn(3) trial_onset_11*bf(1)
Sn(3) trial_onset_12*bf(1)
Sn(3) trial_onset_13*bf(1)
Sn(3) trial_onset_14*bf(1)
Sn(3) trial_onset_15*bf(1)

----subject 15, run 4
Sn(4) trial_onset_1*bf(1)
Sn(4) trial_onset_2*bf(1)
Sn(4) trial_onset_3*bf(1)
Sn(4) trial_onset_4*bf(1)
Sn(4) trial_onset_5*bf(1)
Sn(4) trial_onset_6*bf(1)
Sn(4) trial_onset_7*bf(1)
Sn(4) trial_onset_8*bf(1)
Sn(4) trial_onset_9*bf(1)
Sn(4) trial_onset_10*bf(1)
Sn(4) trial_onset_11*bf(1)
Sn(4) trial_onset_12*bf(1)
Sn(4) trial_onset_13*bf(1)
Sn(4) trial_onset_14*bf(1)
Sn(4) trial_onset_15*bf(1)

----subject 15, run 5
Sn(5) trial_onset_1*bf(1)
Sn(5) trial_onset_2*bf(1)
Sn(5) trial_onset_3*bf(1)
Sn(5) trial_onset_4*bf(1)
Sn(5) trial_onset_5*bf(1)
Sn(5) trial_onset_6*bf(1)
Sn(5) trial_onset_7*bf(1)
Sn(5) trial_onset_8*bf(1)
Sn(5) trial_onset_9*bf(1)
Sn(5) trial_onset_10*bf(1)
Sn(5) trial_onset_11*bf(1)
Sn(5) trial_onset_12*bf(1)
Sn(5) trial_onset_13*bf(1)
Sn(5) trial_onset_14*bf(1)
Sn(5) trial_onset_15*bf(1)

----subject 15, run 6
Sn(6) trial_onset_1*bf(1)
Sn(6) trial_onset_2*bf(1)
Sn(6) trial_onset_3*bf(1)
Sn(6) trial_onset_4*bf(1)
Sn(6) trial_onset_5*bf(1)
Sn(6) trial_onset_6*bf(1)
Sn(6) trial_onset_7*bf(1)
Sn(6) trial_onset_8*bf(1)
Sn(6) trial_onset_9*bf(1)
Sn(6) trial_onset_10*bf(1)
Sn(6) trial_onset_11*bf(1)
Sn(6) trial_onset_12*bf(1)
Sn(6) trial_onset_13*bf(1)
Sn(6) trial_onset_14*bf(1)
Sn(6) trial_onset_15*bf(1)

----subject 15, run 7
Sn(7) trial_onset_1*bf(1)
Sn(7) trial_onset_2*bf(1)
Sn(7) trial_onset_3*bf(1)
Sn(7) trial_onset_4*bf(1)
Sn(7) trial_onset_5*bf(1)
Sn(7) trial_onset_6*bf(1)
Sn(7) trial_onset_7*bf(1)
Sn(7) trial_onset_8*bf(1)
Sn(7) trial_onset_9*bf(1)
Sn(7) trial_onset_10*bf(1)
Sn(7) trial_onset_11*bf(1)
Sn(7) trial_onset_12*bf(1)
Sn(7) trial_onset_13*bf(1)
Sn(7) trial_onset_14*bf(1)
Sn(7) trial_onset_15*bf(1)

----subject 15, run 8
Sn(8) trial_onset_1*bf(1)
Sn(8) trial_onset_2*bf(1)
Sn(8) trial_onset_3*bf(1)
Sn(8) trial_onset_4*bf(1)
Sn(8) trial_onset_5*bf(1)
Sn(8) trial_onset_6*bf(1)
Sn(8) trial_onset_7*bf(1)
Sn(8) trial_onset_8*bf(1)
Sn(8) trial_onset_9*bf(1)
Sn(8) trial_onset_10*bf(1)
Sn(8) trial_onset_11*bf(1)
Sn(8) trial_onset_12*bf(1)
Sn(8) trial_onset_13*bf(1)
Sn(8) trial_onset_14*bf(1)
Sn(8) trial_onset_15*bf(1)

----subject 15, run 9
Sn(9) trial_onset_1*bf(1)
Sn(9) trial_onset_2*bf(1)
Sn(9) trial_onset_3*bf(1)
Sn(9) trial_onset_4*bf(1)
Sn(9) trial_onset_5*bf(1)
Sn(9) trial_onset_6*bf(1)
Sn(9) trial_onset_7*bf(1)
Sn(9) trial_onset_8*bf(1)
Sn(9) trial_onset_9*bf(1)
Sn(9) trial_onset_10*bf(1)
Sn(9) trial_onset_11*bf(1)
Sn(9) trial_onset_12*bf(1)
Sn(9) trial_onset_13*bf(1)
Sn(9) trial_onset_14*bf(1)
Sn(9) trial_onset_15*bf(1)

----subject 16, run 1
Sn(1) trial_onset_1*bf(1)
Sn(1) trial_onset_2*bf(1)
Sn(1) trial_onset_3*bf(1)
Sn(1) trial_onset_4*bf(1)
Sn(1) trial_onset_5*bf(1)
Sn(1) trial_onset_6*bf(1)
Sn(1) trial_onset_7*bf(1)
Sn(1) trial_onset_8*bf(1)
Sn(1) trial_onset_9*bf(1)
Sn(1) trial_onset_10*bf(1)
Sn(1) trial_onset_11*bf(1)
Sn(1) trial_onset_12*bf(1)
Sn(1) trial_onset_13*bf(1)
Sn(1) trial_onset_14*bf(1)
Sn(1) trial_onset_15*bf(1)

----subject 16, run 2
Sn(2) trial_onset_1*bf(1)
Sn(2) trial_onset_2*bf(1)
Sn(2) trial_onset_3*bf(1)
Sn(2) trial_onset_4*bf(1)
Sn(2) trial_onset_5*bf(1)
Sn(2) trial_onset_6*bf(1)
Sn(2) trial_onset_7*bf(1)
Sn(2) trial_onset_8*bf(1)
Sn(2) trial_onset_9*bf(1)
Sn(2) trial_onset_10*bf(1)
Sn(2) trial_onset_11*bf(1)
Sn(2) trial_onset_12*bf(1)
Sn(2) trial_onset_13*bf(1)
Sn(2) trial_onset_14*bf(1)
Sn(2) trial_onset_15*bf(1)

----subject 16, run 3
Sn(3) trial_onset_1*bf(1)
Sn(3) trial_onset_2*bf(1)
Sn(3) trial_onset_3*bf(1)
Sn(3) trial_onset_4*bf(1)
Sn(3) trial_onset_5*bf(1)
Sn(3) trial_onset_6*bf(1)
Sn(3) trial_onset_7*bf(1)
Sn(3) trial_onset_8*bf(1)
Sn(3) trial_onset_9*bf(1)
Sn(3) trial_onset_10*bf(1)
Sn(3) trial_onset_11*bf(1)
Sn(3) trial_onset_12*bf(1)
Sn(3) trial_onset_13*bf(1)
Sn(3) trial_onset_14*bf(1)
Sn(3) trial_onset_15*bf(1)

----subject 16, run 4
Sn(4) trial_onset_1*bf(1)
Sn(4) trial_onset_2*bf(1)
Sn(4) trial_onset_3*bf(1)
Sn(4) trial_onset_4*bf(1)
Sn(4) trial_onset_5*bf(1)
Sn(4) trial_onset_6*bf(1)
Sn(4) trial_onset_7*bf(1)
Sn(4) trial_onset_8*bf(1)
Sn(4) trial_onset_9*bf(1)
Sn(4) trial_onset_10*bf(1)
Sn(4) trial_onset_11*bf(1)
Sn(4) trial_onset_12*bf(1)
Sn(4) trial_onset_13*bf(1)
Sn(4) trial_onset_14*bf(1)
Sn(4) trial_onset_15*bf(1)

----subject 16, run 5
Sn(5) trial_onset_1*bf(1)
Sn(5) trial_onset_2*bf(1)
Sn(5) trial_onset_3*bf(1)
Sn(5) trial_onset_4*bf(1)
Sn(5) trial_onset_5*bf(1)
Sn(5) trial_onset_6*bf(1)
Sn(5) trial_onset_7*bf(1)
Sn(5) trial_onset_8*bf(1)
Sn(5) trial_onset_9*bf(1)
Sn(5) trial_onset_10*bf(1)
Sn(5) trial_onset_11*bf(1)
Sn(5) trial_onset_12*bf(1)
Sn(5) trial_onset_13*bf(1)
Sn(5) trial_onset_14*bf(1)
Sn(5) trial_onset_15*bf(1)

----subject 16, run 6
Sn(6) trial_onset_1*bf(1)
Sn(6) trial_onset_2*bf(1)
Sn(6) trial_onset_3*bf(1)
Sn(6) trial_onset_4*bf(1)
Sn(6) trial_onset_5*bf(1)
Sn(6) trial_onset_6*bf(1)
Sn(6) trial_onset_7*bf(1)
Sn(6) trial_onset_8*bf(1)
Sn(6) trial_onset_9*bf(1)
Sn(6) trial_onset_10*bf(1)
Sn(6) trial_onset_11*bf(1)
Sn(6) trial_onset_12*bf(1)
Sn(6) trial_onset_13*bf(1)
Sn(6) trial_onset_14*bf(1)
Sn(6) trial_onset_15*bf(1)

----subject 16, run 7
Sn(7) trial_onset_1*bf(1)
Sn(7) trial_onset_2*bf(1)
Sn(7) trial_onset_3*bf(1)
Sn(7) trial_onset_4*bf(1)
Sn(7) trial_onset_5*bf(1)
Sn(7) trial_onset_6*bf(1)
Sn(7) trial_onset_7*bf(1)
Sn(7) trial_onset_8*bf(1)
Sn(7) trial_onset_9*bf(1)
Sn(7) trial_onset_10*bf(1)
Sn(7) trial_onset_11*bf(1)
Sn(7) trial_onset_12*bf(1)
Sn(7) trial_onset_13*bf(1)
Sn(7) trial_onset_14*bf(1)
Sn(7) trial_onset_15*bf(1)

----subject 16, run 8
Sn(8) trial_onset_1*bf(1)
Sn(8) trial_onset_2*bf(1)
Sn(8) trial_onset_3*bf(1)
Sn(8) trial_onset_4*bf(1)
Sn(8) trial_onset_5*bf(1)
Sn(8) trial_onset_6*bf(1)
Sn(8) trial_onset_7*bf(1)
Sn(8) trial_onset_8*bf(1)
Sn(8) trial_onset_9*bf(1)
Sn(8) trial_onset_10*bf(1)
Sn(8) trial_onset_11*bf(1)
Sn(8) trial_onset_12*bf(1)
Sn(8) trial_onset_13*bf(1)
Sn(8) trial_onset_14*bf(1)
Sn(8) trial_onset_15*bf(1)

----subject 16, run 9
Sn(9) trial_onset_1*bf(1)
Sn(9) trial_onset_2*bf(1)
Sn(9) trial_onset_3*bf(1)
Sn(9) trial_onset_4*bf(1)
Sn(9) trial_onset_5*bf(1)
Sn(9) trial_onset_6*bf(1)
Sn(9) trial_onset_7*bf(1)
Sn(9) trial_onset_8*bf(1)
Sn(9) trial_onset_9*bf(1)
Sn(9) trial_onset_10*bf(1)
Sn(9) trial_onset_11*bf(1)
Sn(9) trial_onset_12*bf(1)
Sn(9) trial_onset_13*bf(1)
Sn(9) trial_onset_14*bf(1)
Sn(9) trial_onset_15*bf(1)

----subject 17, run 1
Sn(1) trial_onset_1*bf(1)
Sn(1) trial_onset_2*bf(1)
Sn(1) trial_onset_3*bf(1)
Sn(1) trial_onset_4*bf(1)
Sn(1) trial_onset_5*bf(1)
Sn(1) trial_onset_6*bf(1)
Sn(1) trial_onset_7*bf(1)
Sn(1) trial_onset_8*bf(1)
Sn(1) trial_onset_9*bf(1)
Sn(1) trial_onset_10*bf(1)
Sn(1) trial_onset_11*bf(1)
Sn(1) trial_onset_12*bf(1)
Sn(1) trial_onset_13*bf(1)
Sn(1) trial_onset_14*bf(1)
Sn(1) trial_onset_15*bf(1)

----subject 17, run 2
Sn(2) trial_onset_1*bf(1)
Sn(2) trial_onset_2*bf(1)
Sn(2) trial_onset_3*bf(1)
Sn(2) trial_onset_4*bf(1)
Sn(2) trial_onset_5*bf(1)
Sn(2) trial_onset_6*bf(1)
Sn(2) trial_onset_7*bf(1)
Sn(2) trial_onset_8*bf(1)
Sn(2) trial_onset_9*bf(1)
Sn(2) trial_onset_10*bf(1)
Sn(2) trial_onset_11*bf(1)
Sn(2) trial_onset_12*bf(1)
Sn(2) trial_onset_13*bf(1)
Sn(2) trial_onset_14*bf(1)
Sn(2) trial_onset_15*bf(1)

----subject 17, run 3
Sn(3) trial_onset_1*bf(1)
Sn(3) trial_onset_2*bf(1)
Sn(3) trial_onset_3*bf(1)
Sn(3) trial_onset_4*bf(1)
Sn(3) trial_onset_5*bf(1)
Sn(3) trial_onset_6*bf(1)
Sn(3) trial_onset_7*bf(1)
Sn(3) trial_onset_8*bf(1)
Sn(3) trial_onset_9*bf(1)
Sn(3) trial_onset_10*bf(1)
Sn(3) trial_onset_11*bf(1)
Sn(3) trial_onset_12*bf(1)
Sn(3) trial_onset_13*bf(1)
Sn(3) trial_onset_14*bf(1)
Sn(3) trial_onset_15*bf(1)

----subject 17, run 4
Sn(4) trial_onset_1*bf(1)
Sn(4) trial_onset_2*bf(1)
Sn(4) trial_onset_3*bf(1)
Sn(4) trial_onset_4*bf(1)
Sn(4) trial_onset_5*bf(1)
Sn(4) trial_onset_6*bf(1)
Sn(4) trial_onset_7*bf(1)
Sn(4) trial_onset_8*bf(1)
Sn(4) trial_onset_9*bf(1)
Sn(4) trial_onset_10*bf(1)
Sn(4) trial_onset_11*bf(1)
Sn(4) trial_onset_12*bf(1)
Sn(4) trial_onset_13*bf(1)
Sn(4) trial_onset_14*bf(1)
Sn(4) trial_onset_15*bf(1)

----subject 17, run 5
Sn(5) trial_onset_1*bf(1)
Sn(5) trial_onset_2*bf(1)
Sn(5) trial_onset_3*bf(1)
Sn(5) trial_onset_4*bf(1)
Sn(5) trial_onset_5*bf(1)
Sn(5) trial_onset_6*bf(1)
Sn(5) trial_onset_7*bf(1)
Sn(5) trial_onset_8*bf(1)
Sn(5) trial_onset_9*bf(1)
Sn(5) trial_onset_10*bf(1)
Sn(5) trial_onset_11*bf(1)
Sn(5) trial_onset_12*bf(1)
Sn(5) trial_onset_13*bf(1)
Sn(5) trial_onset_14*bf(1)
Sn(5) trial_onset_15*bf(1)

----subject 17, run 6
Sn(6) trial_onset_1*bf(1)
Sn(6) trial_onset_2*bf(1)
Sn(6) trial_onset_3*bf(1)
Sn(6) trial_onset_4*bf(1)
Sn(6) trial_onset_5*bf(1)
Sn(6) trial_onset_6*bf(1)
Sn(6) trial_onset_7*bf(1)
Sn(6) trial_onset_8*bf(1)
Sn(6) trial_onset_9*bf(1)
Sn(6) trial_onset_10*bf(1)
Sn(6) trial_onset_11*bf(1)
Sn(6) trial_onset_12*bf(1)
Sn(6) trial_onset_13*bf(1)
Sn(6) trial_onset_14*bf(1)
Sn(6) trial_onset_15*bf(1)

----subject 17, run 7
Sn(7) trial_onset_1*bf(1)
Sn(7) trial_onset_2*bf(1)
Sn(7) trial_onset_3*bf(1)
Sn(7) trial_onset_4*bf(1)
Sn(7) trial_onset_5*bf(1)
Sn(7) trial_onset_6*bf(1)
Sn(7) trial_onset_7*bf(1)
Sn(7) trial_onset_8*bf(1)
Sn(7) trial_onset_9*bf(1)
Sn(7) trial_onset_10*bf(1)
Sn(7) trial_onset_11*bf(1)
Sn(7) trial_onset_12*bf(1)
Sn(7) trial_onset_13*bf(1)
Sn(7) trial_onset_14*bf(1)
Sn(7) trial_onset_15*bf(1)

----subject 17, run 8
Sn(8) trial_onset_1*bf(1)
Sn(8) trial_onset_2*bf(1)
Sn(8) trial_onset_3*bf(1)
Sn(8) trial_onset_4*bf(1)
Sn(8) trial_onset_5*bf(1)
Sn(8) trial_onset_6*bf(1)
Sn(8) trial_onset_7*bf(1)
Sn(8) trial_onset_8*bf(1)
Sn(8) trial_onset_9*bf(1)
Sn(8) trial_onset_10*bf(1)
Sn(8) trial_onset_11*bf(1)
Sn(8) trial_onset_12*bf(1)
Sn(8) trial_onset_13*bf(1)
Sn(8) trial_onset_14*bf(1)
Sn(8) trial_onset_15*bf(1)

----subject 17, run 9
Sn(9) trial_onset_1*bf(1)
Sn(9) trial_onset_2*bf(1)
Sn(9) trial_onset_3*bf(1)
Sn(9) trial_onset_4*bf(1)
Sn(9) trial_onset_5*bf(1)
Sn(9) trial_onset_6*bf(1)
Sn(9) trial_onset_7*bf(1)
Sn(9) trial_onset_8*bf(1)
Sn(9) trial_onset_9*bf(1)
Sn(9) trial_onset_10*bf(1)
Sn(9) trial_onset_11*bf(1)
Sn(9) trial_onset_12*bf(1)
Sn(9) trial_onset_13*bf(1)
Sn(9) trial_onset_14*bf(1)
Sn(9) trial_onset_15*bf(1)

----subject 18, run 1
Sn(1) trial_onset_1*bf(1)
Sn(1) trial_onset_2*bf(1)
Sn(1) trial_onset_3*bf(1)
Sn(1) trial_onset_4*bf(1)
Sn(1) trial_onset_5*bf(1)
Sn(1) trial_onset_6*bf(1)
Sn(1) trial_onset_7*bf(1)
Sn(1) trial_onset_8*bf(1)
Sn(1) trial_onset_9*bf(1)
Sn(1) trial_onset_10*bf(1)
Sn(1) trial_onset_11*bf(1)
Sn(1) trial_onset_12*bf(1)
Sn(1) trial_onset_13*bf(1)
Sn(1) trial_onset_14*bf(1)
Sn(1) trial_onset_15*bf(1)

----subject 18, run 2
Sn(2) trial_onset_1*bf(1)
Sn(2) trial_onset_2*bf(1)
Sn(2) trial_onset_3*bf(1)
Sn(2) trial_onset_4*bf(1)
Sn(2) trial_onset_5*bf(1)
Sn(2) trial_onset_6*bf(1)
Sn(2) trial_onset_7*bf(1)
Sn(2) trial_onset_8*bf(1)
Sn(2) trial_onset_9*bf(1)
Sn(2) trial_onset_10*bf(1)
Sn(2) trial_onset_11*bf(1)
Sn(2) trial_onset_12*bf(1)
Sn(2) trial_onset_13*bf(1)
Sn(2) trial_onset_14*bf(1)
Sn(2) trial_onset_15*bf(1)

----subject 18, run 3
Sn(3) trial_onset_1*bf(1)
Sn(3) trial_onset_2*bf(1)
Sn(3) trial_onset_3*bf(1)
Sn(3) trial_onset_4*bf(1)
Sn(3) trial_onset_5*bf(1)
Sn(3) trial_onset_6*bf(1)
Sn(3) trial_onset_7*bf(1)
Sn(3) trial_onset_8*bf(1)
Sn(3) trial_onset_9*bf(1)
Sn(3) trial_onset_10*bf(1)
Sn(3) trial_onset_11*bf(1)
Sn(3) trial_onset_12*bf(1)
Sn(3) trial_onset_13*bf(1)
Sn(3) trial_onset_14*bf(1)
Sn(3) trial_onset_15*bf(1)

----subject 18, run 4
Sn(4) trial_onset_1*bf(1)
Sn(4) trial_onset_2*bf(1)
Sn(4) trial_onset_3*bf(1)
Sn(4) trial_onset_4*bf(1)
Sn(4) trial_onset_5*bf(1)
Sn(4) trial_onset_6*bf(1)
Sn(4) trial_onset_7*bf(1)
Sn(4) trial_onset_8*bf(1)
Sn(4) trial_onset_9*bf(1)
Sn(4) trial_onset_10*bf(1)
Sn(4) trial_onset_11*bf(1)
Sn(4) trial_onset_12*bf(1)
Sn(4) trial_onset_13*bf(1)
Sn(4) trial_onset_14*bf(1)
Sn(4) trial_onset_15*bf(1)

----subject 18, run 5
Sn(5) trial_onset_1*bf(1)
Sn(5) trial_onset_2*bf(1)
Sn(5) trial_onset_3*bf(1)
Sn(5) trial_onset_4*bf(1)
Sn(5) trial_onset_5*bf(1)
Sn(5) trial_onset_6*bf(1)
Sn(5) trial_onset_7*bf(1)
Sn(5) trial_onset_8*bf(1)
Sn(5) trial_onset_9*bf(1)
Sn(5) trial_onset_10*bf(1)
Sn(5) trial_onset_11*bf(1)
Sn(5) trial_onset_12*bf(1)
Sn(5) trial_onset_13*bf(1)
Sn(5) trial_onset_14*bf(1)
Sn(5) trial_onset_15*bf(1)

----subject 18, run 6
Sn(6) trial_onset_1*bf(1)
Sn(6) trial_onset_2*bf(1)
Sn(6) trial_onset_3*bf(1)
Sn(6) trial_onset_4*bf(1)
Sn(6) trial_onset_5*bf(1)
Sn(6) trial_onset_6*bf(1)
Sn(6) trial_onset_7*bf(1)
Sn(6) trial_onset_8*bf(1)
Sn(6) trial_onset_9*bf(1)
Sn(6) trial_onset_10*bf(1)
Sn(6) trial_onset_11*bf(1)
Sn(6) trial_onset_12*bf(1)
Sn(6) trial_onset_13*bf(1)
Sn(6) trial_onset_14*bf(1)
Sn(6) trial_onset_15*bf(1)

----subject 18, run 7
Sn(7) trial_onset_1*bf(1)
Sn(7) trial_onset_2*bf(1)
Sn(7) trial_onset_3*bf(1)
Sn(7) trial_onset_4*bf(1)
Sn(7) trial_onset_5*bf(1)
Sn(7) trial_onset_6*bf(1)
Sn(7) trial_onset_7*bf(1)
Sn(7) trial_onset_8*bf(1)
Sn(7) trial_onset_9*bf(1)
Sn(7) trial_onset_10*bf(1)
Sn(7) trial_onset_11*bf(1)
Sn(7) trial_onset_12*bf(1)
Sn(7) trial_onset_13*bf(1)
Sn(7) trial_onset_14*bf(1)
Sn(7) trial_onset_15*bf(1)

----subject 18, run 8
Sn(8) trial_onset_1*bf(1)
Sn(8) trial_onset_2*bf(1)
Sn(8) trial_onset_3*bf(1)
Sn(8) trial_onset_4*bf(1)
Sn(8) trial_onset_5*bf(1)
Sn(8) trial_onset_6*bf(1)
Sn(8) trial_onset_7*bf(1)
Sn(8) trial_onset_8*bf(1)
Sn(8) trial_onset_9*bf(1)
Sn(8) trial_onset_10*bf(1)
Sn(8) trial_onset_11*bf(1)
Sn(8) trial_onset_12*bf(1)
Sn(8) trial_onset_13*bf(1)
Sn(8) trial_onset_14*bf(1)
Sn(8) trial_onset_15*bf(1)

----subject 18, run 9
Sn(9) trial_onset_1*bf(1)
Sn(9) trial_onset_2*bf(1)
Sn(9) trial_onset_3*bf(1)
Sn(9) trial_onset_4*bf(1)
Sn(9) trial_onset_5*bf(1)
Sn(9) trial_onset_6*bf(1)
Sn(9) trial_onset_7*bf(1)
Sn(9) trial_onset_8*bf(1)
Sn(9) trial_onset_9*bf(1)
Sn(9) trial_onset_10*bf(1)
Sn(9) trial_onset_11*bf(1)
Sn(9) trial_onset_12*bf(1)
Sn(9) trial_onset_13*bf(1)
Sn(9) trial_onset_14*bf(1)
Sn(9) trial_onset_15*bf(1)

----subject 19, run 1
Sn(1) trial_onset_1*bf(1)
Sn(1) trial_onset_2*bf(1)
Sn(1) trial_onset_3*bf(1)
Sn(1) trial_onset_4*bf(1)
Sn(1) trial_onset_5*bf(1)
Sn(1) trial_onset_6*bf(1)
Sn(1) trial_onset_7*bf(1)
Sn(1) trial_onset_8*bf(1)
Sn(1) trial_onset_9*bf(1)
Sn(1) trial_onset_10*bf(1)
Sn(1) trial_onset_11*bf(1)
Sn(1) trial_onset_12*bf(1)
Sn(1) trial_onset_13*bf(1)
Sn(1) trial_onset_14*bf(1)
Sn(1) trial_onset_15*bf(1)

----subject 19, run 2
Sn(2) trial_onset_1*bf(1)
Sn(2) trial_onset_2*bf(1)
Sn(2) trial_onset_3*bf(1)
Sn(2) trial_onset_4*bf(1)
Sn(2) trial_onset_5*bf(1)
Sn(2) trial_onset_6*bf(1)
Sn(2) trial_onset_7*bf(1)
Sn(2) trial_onset_8*bf(1)
Sn(2) trial_onset_9*bf(1)
Sn(2) trial_onset_10*bf(1)
Sn(2) trial_onset_11*bf(1)
Sn(2) trial_onset_12*bf(1)
Sn(2) trial_onset_13*bf(1)
Sn(2) trial_onset_14*bf(1)
Sn(2) trial_onset_15*bf(1)

----subject 19, run 3
Sn(3) trial_onset_1*bf(1)
Sn(3) trial_onset_2*bf(1)
Sn(3) trial_onset_3*bf(1)
Sn(3) trial_onset_4*bf(1)
Sn(3) trial_onset_5*bf(1)
Sn(3) trial_onset_6*bf(1)
Sn(3) trial_onset_7*bf(1)
Sn(3) trial_onset_8*bf(1)
Sn(3) trial_onset_9*bf(1)
Sn(3) trial_onset_10*bf(1)
Sn(3) trial_onset_11*bf(1)
Sn(3) trial_onset_12*bf(1)
Sn(3) trial_onset_13*bf(1)
Sn(3) trial_onset_14*bf(1)
Sn(3) trial_onset_15*bf(1)

----subject 19, run 4
Sn(4) trial_onset_1*bf(1)
Sn(4) trial_onset_2*bf(1)
Sn(4) trial_onset_3*bf(1)
Sn(4) trial_onset_4*bf(1)
Sn(4) trial_onset_5*bf(1)
Sn(4) trial_onset_6*bf(1)
Sn(4) trial_onset_7*bf(1)
Sn(4) trial_onset_8*bf(1)
Sn(4) trial_onset_9*bf(1)
Sn(4) trial_onset_10*bf(1)
Sn(4) trial_onset_11*bf(1)
Sn(4) trial_onset_12*bf(1)
Sn(4) trial_onset_13*bf(1)
Sn(4) trial_onset_14*bf(1)
Sn(4) trial_onset_15*bf(1)

----subject 19, run 5
Sn(5) trial_onset_1*bf(1)
Sn(5) trial_onset_2*bf(1)
Sn(5) trial_onset_3*bf(1)
Sn(5) trial_onset_4*bf(1)
Sn(5) trial_onset_5*bf(1)
Sn(5) trial_onset_6*bf(1)
Sn(5) trial_onset_7*bf(1)
Sn(5) trial_onset_8*bf(1)
Sn(5) trial_onset_9*bf(1)
Sn(5) trial_onset_10*bf(1)
Sn(5) trial_onset_11*bf(1)
Sn(5) trial_onset_12*bf(1)
Sn(5) trial_onset_13*bf(1)
Sn(5) trial_onset_14*bf(1)
Sn(5) trial_onset_15*bf(1)

----subject 19, run 6
Sn(6) trial_onset_1*bf(1)
Sn(6) trial_onset_2*bf(1)
Sn(6) trial_onset_3*bf(1)
Sn(6) trial_onset_4*bf(1)
Sn(6) trial_onset_5*bf(1)
Sn(6) trial_onset_6*bf(1)
Sn(6) trial_onset_7*bf(1)
Sn(6) trial_onset_8*bf(1)
Sn(6) trial_onset_9*bf(1)
Sn(6) trial_onset_10*bf(1)
Sn(6) trial_onset_11*bf(1)
Sn(6) trial_onset_12*bf(1)
Sn(6) trial_onset_13*bf(1)
Sn(6) trial_onset_14*bf(1)
Sn(6) trial_onset_15*bf(1)

----subject 19, run 7
Sn(7) trial_onset_1*bf(1)
Sn(7) trial_onset_2*bf(1)
Sn(7) trial_onset_3*bf(1)
Sn(7) trial_onset_4*bf(1)
Sn(7) trial_onset_5*bf(1)
Sn(7) trial_onset_6*bf(1)
Sn(7) trial_onset_7*bf(1)
Sn(7) trial_onset_8*bf(1)
Sn(7) trial_onset_9*bf(1)
Sn(7) trial_onset_10*bf(1)
Sn(7) trial_onset_11*bf(1)
Sn(7) trial_onset_12*bf(1)
Sn(7) trial_onset_13*bf(1)
Sn(7) trial_onset_14*bf(1)
Sn(7) trial_onset_15*bf(1)

----subject 19, run 8
Sn(8) trial_onset_1*bf(1)
Sn(8) trial_onset_2*bf(1)
Sn(8) trial_onset_3*bf(1)
Sn(8) trial_onset_4*bf(1)
Sn(8) trial_onset_5*bf(1)
Sn(8) trial_onset_6*bf(1)
Sn(8) trial_onset_7*bf(1)
Sn(8) trial_onset_8*bf(1)
Sn(8) trial_onset_9*bf(1)
Sn(8) trial_onset_10*bf(1)
Sn(8) trial_onset_11*bf(1)
Sn(8) trial_onset_12*bf(1)
Sn(8) trial_onset_13*bf(1)
Sn(8) trial_onset_14*bf(1)
Sn(8) trial_onset_15*bf(1)

----subject 19, run 9
Sn(9) trial_onset_1*bf(1)
Sn(9) trial_onset_2*bf(1)
Sn(9) trial_onset_3*bf(1)
Sn(9) trial_onset_4*bf(1)
Sn(9) trial_onset_5*bf(1)
Sn(9) trial_onset_6*bf(1)
Sn(9) trial_onset_7*bf(1)
Sn(9) trial_onset_8*bf(1)
Sn(9) trial_onset_9*bf(1)
Sn(9) trial_onset_10*bf(1)
Sn(9) trial_onset_11*bf(1)
Sn(9) trial_onset_12*bf(1)
Sn(9) trial_onset_13*bf(1)
Sn(9) trial_onset_14*bf(1)
Sn(9) trial_onset_15*bf(1)

----subject 20, run 1
Sn(1) trial_onset_1*bf(1)
Sn(1) trial_onset_2*bf(1)
Sn(1) trial_onset_3*bf(1)
Sn(1) trial_onset_4*bf(1)
Sn(1) trial_onset_5*bf(1)
Sn(1) trial_onset_6*bf(1)
Sn(1) trial_onset_7*bf(1)
Sn(1) trial_onset_8*bf(1)
Sn(1) trial_onset_9*bf(1)
Sn(1) trial_onset_10*bf(1)
Sn(1) trial_onset_11*bf(1)
Sn(1) trial_onset_12*bf(1)
Sn(1) trial_onset_13*bf(1)
Sn(1) trial_onset_14*bf(1)
Sn(1) trial_onset_15*bf(1)

----subject 20, run 2
Sn(2) trial_onset_1*bf(1)
Sn(2) trial_onset_2*bf(1)
Sn(2) trial_onset_3*bf(1)
Sn(2) trial_onset_4*bf(1)
Sn(2) trial_onset_5*bf(1)
Sn(2) trial_onset_6*bf(1)
Sn(2) trial_onset_7*bf(1)
Sn(2) trial_onset_8*bf(1)
Sn(2) trial_onset_9*bf(1)
Sn(2) trial_onset_10*bf(1)
Sn(2) trial_onset_11*bf(1)
Sn(2) trial_onset_12*bf(1)
Sn(2) trial_onset_13*bf(1)
Sn(2) trial_onset_14*bf(1)
Sn(2) trial_onset_15*bf(1)

----subject 20, run 3
Sn(3) trial_onset_1*bf(1)
Sn(3) trial_onset_2*bf(1)
Sn(3) trial_onset_3*bf(1)
Sn(3) trial_onset_4*bf(1)
Sn(3) trial_onset_5*bf(1)
Sn(3) trial_onset_6*bf(1)
Sn(3) trial_onset_7*bf(1)
Sn(3) trial_onset_8*bf(1)
Sn(3) trial_onset_9*bf(1)
Sn(3) trial_onset_10*bf(1)
Sn(3) trial_onset_11*bf(1)
Sn(3) trial_onset_12*bf(1)
Sn(3) trial_onset_13*bf(1)
Sn(3) trial_onset_14*bf(1)
Sn(3) trial_onset_15*bf(1)

----subject 20, run 4
Sn(4) trial_onset_1*bf(1)
Sn(4) trial_onset_2*bf(1)
Sn(4) trial_onset_3*bf(1)
Sn(4) trial_onset_4*bf(1)
Sn(4) trial_onset_5*bf(1)
Sn(4) trial_onset_6*bf(1)
Sn(4) trial_onset_7*bf(1)
Sn(4) trial_onset_8*bf(1)
Sn(4) trial_onset_9*bf(1)
Sn(4) trial_onset_10*bf(1)
Sn(4) trial_onset_11*bf(1)
Sn(4) trial_onset_12*bf(1)
Sn(4) trial_onset_13*bf(1)
Sn(4) trial_onset_14*bf(1)
Sn(4) trial_onset_15*bf(1)

----subject 20, run 5
Sn(5) trial_onset_1*bf(1)
Sn(5) trial_onset_2*bf(1)
Sn(5) trial_onset_3*bf(1)
Sn(5) trial_onset_4*bf(1)
Sn(5) trial_onset_5*bf(1)
Sn(5) trial_onset_6*bf(1)
Sn(5) trial_onset_7*bf(1)
Sn(5) trial_onset_8*bf(1)
Sn(5) trial_onset_9*bf(1)
Sn(5) trial_onset_10*bf(1)
Sn(5) trial_onset_11*bf(1)
Sn(5) trial_onset_12*bf(1)
Sn(5) trial_onset_13*bf(1)
Sn(5) trial_onset_14*bf(1)
Sn(5) trial_onset_15*bf(1)

----subject 20, run 6
Sn(6) trial_onset_1*bf(1)
Sn(6) trial_onset_2*bf(1)
Sn(6) trial_onset_3*bf(1)
Sn(6) trial_onset_4*bf(1)
Sn(6) trial_onset_5*bf(1)
Sn(6) trial_onset_6*bf(1)
Sn(6) trial_onset_7*bf(1)
Sn(6) trial_onset_8*bf(1)
Sn(6) trial_onset_9*bf(1)
Sn(6) trial_onset_10*bf(1)
Sn(6) trial_onset_11*bf(1)
Sn(6) trial_onset_12*bf(1)
Sn(6) trial_onset_13*bf(1)
Sn(6) trial_onset_14*bf(1)
Sn(6) trial_onset_15*bf(1)

----subject 20, run 7
Sn(7) trial_onset_1*bf(1)
Sn(7) trial_onset_2*bf(1)
Sn(7) trial_onset_3*bf(1)
Sn(7) trial_onset_4*bf(1)
Sn(7) trial_onset_5*bf(1)
Sn(7) trial_onset_6*bf(1)
Sn(7) trial_onset_7*bf(1)
Sn(7) trial_onset_8*bf(1)
Sn(7) trial_onset_9*bf(1)
Sn(7) trial_onset_10*bf(1)
Sn(7) trial_onset_11*bf(1)
Sn(7) trial_onset_12*bf(1)
Sn(7) trial_onset_13*bf(1)
Sn(7) trial_onset_14*bf(1)
Sn(7) trial_onset_15*bf(1)

----subject 20, run 8
Sn(8) trial_onset_1*bf(1)
Sn(8) trial_onset_2*bf(1)
Sn(8) trial_onset_3*bf(1)
Sn(8) trial_onset_4*bf(1)
Sn(8) trial_onset_5*bf(1)
Sn(8) trial_onset_6*bf(1)
Sn(8) trial_onset_7*bf(1)
Sn(8) trial_onset_8*bf(1)
Sn(8) trial_onset_9*bf(1)
Sn(8) trial_onset_10*bf(1)
Sn(8) trial_onset_11*bf(1)
Sn(8) trial_onset_12*bf(1)
Sn(8) trial_onset_13*bf(1)
Sn(8) trial_onset_14*bf(1)
Sn(8) trial_onset_15*bf(1)

----subject 20, run 9
Sn(9) trial_onset_1*bf(1)
Sn(9) trial_onset_2*bf(1)
Sn(9) trial_onset_3*bf(1)
Sn(9) trial_onset_4*bf(1)
Sn(9) trial_onset_5*bf(1)
Sn(9) trial_onset_6*bf(1)
Sn(9) trial_onset_7*bf(1)
Sn(9) trial_onset_8*bf(1)
Sn(9) trial_onset_9*bf(1)
Sn(9) trial_onset_10*bf(1)
Sn(9) trial_onset_11*bf(1)
Sn(9) trial_onset_12*bf(1)
Sn(9) trial_onset_13*bf(1)
Sn(9) trial_onset_14*bf(1)
Sn(9) trial_onset_15*bf(1)

----subject 21, run 1
Sn(1) trial_onset_1*bf(1)
Sn(1) trial_onset_2*bf(1)
Sn(1) trial_onset_3*bf(1)
Sn(1) trial_onset_4*bf(1)
Sn(1) trial_onset_5*bf(1)
Sn(1) trial_onset_6*bf(1)
Sn(1) trial_onset_7*bf(1)
Sn(1) trial_onset_8*bf(1)
Sn(1) trial_onset_9*bf(1)
Sn(1) trial_onset_10*bf(1)
Sn(1) trial_onset_11*bf(1)
Sn(1) trial_onset_12*bf(1)
Sn(1) trial_onset_13*bf(1)
Sn(1) trial_onset_14*bf(1)
Sn(1) trial_onset_15*bf(1)

----subject 21, run 2
Sn(2) trial_onset_1*bf(1)
Sn(2) trial_onset_2*bf(1)
Sn(2) trial_onset_3*bf(1)
Sn(2) trial_onset_4*bf(1)
Sn(2) trial_onset_5*bf(1)
Sn(2) trial_onset_6*bf(1)
Sn(2) trial_onset_7*bf(1)
Sn(2) trial_onset_8*bf(1)
Sn(2) trial_onset_9*bf(1)
Sn(2) trial_onset_10*bf(1)
Sn(2) trial_onset_11*bf(1)
Sn(2) trial_onset_12*bf(1)
Sn(2) trial_onset_13*bf(1)
Sn(2) trial_onset_14*bf(1)
Sn(2) trial_onset_15*bf(1)

----subject 21, run 3
Sn(3) trial_onset_1*bf(1)
Sn(3) trial_onset_2*bf(1)
Sn(3) trial_onset_3*bf(1)
Sn(3) trial_onset_4*bf(1)
Sn(3) trial_onset_5*bf(1)
Sn(3) trial_onset_6*bf(1)
Sn(3) trial_onset_7*bf(1)
Sn(3) trial_onset_8*bf(1)
Sn(3) trial_onset_9*bf(1)
Sn(3) trial_onset_10*bf(1)
Sn(3) trial_onset_11*bf(1)
Sn(3) trial_onset_12*bf(1)
Sn(3) trial_onset_13*bf(1)
Sn(3) trial_onset_14*bf(1)
Sn(3) trial_onset_15*bf(1)

----subject 21, run 4
Sn(4) trial_onset_1*bf(1)
Sn(4) trial_onset_2*bf(1)
Sn(4) trial_onset_3*bf(1)
Sn(4) trial_onset_4*bf(1)
Sn(4) trial_onset_5*bf(1)
Sn(4) trial_onset_6*bf(1)
Sn(4) trial_onset_7*bf(1)
Sn(4) trial_onset_8*bf(1)
Sn(4) trial_onset_9*bf(1)
Sn(4) trial_onset_10*bf(1)
Sn(4) trial_onset_11*bf(1)
Sn(4) trial_onset_12*bf(1)
Sn(4) trial_onset_13*bf(1)
Sn(4) trial_onset_14*bf(1)
Sn(4) trial_onset_15*bf(1)

----subject 21, run 5
Sn(5) trial_onset_1*bf(1)
Sn(5) trial_onset_2*bf(1)
Sn(5) trial_onset_3*bf(1)
Sn(5) trial_onset_4*bf(1)
Sn(5) trial_onset_5*bf(1)
Sn(5) trial_onset_6*bf(1)
Sn(5) trial_onset_7*bf(1)
Sn(5) trial_onset_8*bf(1)
Sn(5) trial_onset_9*bf(1)
Sn(5) trial_onset_10*bf(1)
Sn(5) trial_onset_11*bf(1)
Sn(5) trial_onset_12*bf(1)
Sn(5) trial_onset_13*bf(1)
Sn(5) trial_onset_14*bf(1)
Sn(5) trial_onset_15*bf(1)

----subject 21, run 6
Sn(6) trial_onset_1*bf(1)
Sn(6) trial_onset_2*bf(1)
Sn(6) trial_onset_3*bf(1)
Sn(6) trial_onset_4*bf(1)
Sn(6) trial_onset_5*bf(1)
Sn(6) trial_onset_6*bf(1)
Sn(6) trial_onset_7*bf(1)
Sn(6) trial_onset_8*bf(1)
Sn(6) trial_onset_9*bf(1)
Sn(6) trial_onset_10*bf(1)
Sn(6) trial_onset_11*bf(1)
Sn(6) trial_onset_12*bf(1)
Sn(6) trial_onset_13*bf(1)
Sn(6) trial_onset_14*bf(1)
Sn(6) trial_onset_15*bf(1)

----subject 21, run 7
Sn(7) trial_onset_1*bf(1)
Sn(7) trial_onset_2*bf(1)
Sn(7) trial_onset_3*bf(1)
Sn(7) trial_onset_4*bf(1)
Sn(7) trial_onset_5*bf(1)
Sn(7) trial_onset_6*bf(1)
Sn(7) trial_onset_7*bf(1)
Sn(7) trial_onset_8*bf(1)
Sn(7) trial_onset_9*bf(1)
Sn(7) trial_onset_10*bf(1)
Sn(7) trial_onset_11*bf(1)
Sn(7) trial_onset_12*bf(1)
Sn(7) trial_onset_13*bf(1)
Sn(7) trial_onset_14*bf(1)
Sn(7) trial_onset_15*bf(1)

----subject 21, run 8
Sn(8) trial_onset_1*bf(1)
Sn(8) trial_onset_2*bf(1)
Sn(8) trial_onset_3*bf(1)
Sn(8) trial_onset_4*bf(1)
Sn(8) trial_onset_5*bf(1)
Sn(8) trial_onset_6*bf(1)
Sn(8) trial_onset_7*bf(1)
Sn(8) trial_onset_8*bf(1)
Sn(8) trial_onset_9*bf(1)
Sn(8) trial_onset_10*bf(1)
Sn(8) trial_onset_11*bf(1)
Sn(8) trial_onset_12*bf(1)
Sn(8) trial_onset_13*bf(1)
Sn(8) trial_onset_14*bf(1)
Sn(8) trial_onset_15*bf(1)

----subject 21, run 9
Sn(9) trial_onset_1*bf(1)
Sn(9) trial_onset_2*bf(1)
Sn(9) trial_onset_3*bf(1)
Sn(9) trial_onset_4*bf(1)
Sn(9) trial_onset_5*bf(1)
Sn(9) trial_onset_6*bf(1)
Sn(9) trial_onset_7*bf(1)
Sn(9) trial_onset_8*bf(1)
Sn(9) trial_onset_9*bf(1)
Sn(9) trial_onset_10*bf(1)
Sn(9) trial_onset_11*bf(1)
Sn(9) trial_onset_12*bf(1)
Sn(9) trial_onset_13*bf(1)
Sn(9) trial_onset_14*bf(1)
Sn(9) trial_onset_15*bf(1)

----subject 22, run 1
Sn(1) trial_onset_1*bf(1)
Sn(1) trial_onset_2*bf(1)
Sn(1) trial_onset_3*bf(1)
Sn(1) trial_onset_4*bf(1)
Sn(1) trial_onset_5*bf(1)
Sn(1) trial_onset_6*bf(1)
Sn(1) trial_onset_7*bf(1)
Sn(1) trial_onset_8*bf(1)
Sn(1) trial_onset_9*bf(1)
Sn(1) trial_onset_10*bf(1)
Sn(1) trial_onset_11*bf(1)
Sn(1) trial_onset_12*bf(1)
Sn(1) trial_onset_13*bf(1)
Sn(1) trial_onset_14*bf(1)
Sn(1) trial_onset_15*bf(1)

----subject 22, run 2
Sn(2) trial_onset_1*bf(1)
Sn(2) trial_onset_2*bf(1)
Sn(2) trial_onset_3*bf(1)
Sn(2) trial_onset_4*bf(1)
Sn(2) trial_onset_5*bf(1)
Sn(2) trial_onset_6*bf(1)
Sn(2) trial_onset_7*bf(1)
Sn(2) trial_onset_8*bf(1)
Sn(2) trial_onset_9*bf(1)
Sn(2) trial_onset_10*bf(1)
Sn(2) trial_onset_11*bf(1)
Sn(2) trial_onset_12*bf(1)
Sn(2) trial_onset_13*bf(1)
Sn(2) trial_onset_14*bf(1)
Sn(2) trial_onset_15*bf(1)

----subject 22, run 3
Sn(3) trial_onset_1*bf(1)
Sn(3) trial_onset_2*bf(1)
Sn(3) trial_onset_3*bf(1)
Sn(3) trial_onset_4*bf(1)
Sn(3) trial_onset_5*bf(1)
Sn(3) trial_onset_6*bf(1)
Sn(3) trial_onset_7*bf(1)
Sn(3) trial_onset_8*bf(1)
Sn(3) trial_onset_9*bf(1)
Sn(3) trial_onset_10*bf(1)
Sn(3) trial_onset_11*bf(1)
Sn(3) trial_onset_12*bf(1)
Sn(3) trial_onset_13*bf(1)
Sn(3) trial_onset_14*bf(1)
Sn(3) trial_onset_15*bf(1)

----subject 22, run 4
Sn(4) trial_onset_1*bf(1)
Sn(4) trial_onset_2*bf(1)
Sn(4) trial_onset_3*bf(1)
Sn(4) trial_onset_4*bf(1)
Sn(4) trial_onset_5*bf(1)
Sn(4) trial_onset_6*bf(1)
Sn(4) trial_onset_7*bf(1)
Sn(4) trial_onset_8*bf(1)
Sn(4) trial_onset_9*bf(1)
Sn(4) trial_onset_10*bf(1)
Sn(4) trial_onset_11*bf(1)
Sn(4) trial_onset_12*bf(1)
Sn(4) trial_onset_13*bf(1)
Sn(4) trial_onset_14*bf(1)
Sn(4) trial_onset_15*bf(1)

----subject 22, run 5
Sn(5) trial_onset_1*bf(1)
Sn(5) trial_onset_2*bf(1)
Sn(5) trial_onset_3*bf(1)
Sn(5) trial_onset_4*bf(1)
Sn(5) trial_onset_5*bf(1)
Sn(5) trial_onset_6*bf(1)
Sn(5) trial_onset_7*bf(1)
Sn(5) trial_onset_8*bf(1)
Sn(5) trial_onset_9*bf(1)
Sn(5) trial_onset_10*bf(1)
Sn(5) trial_onset_11*bf(1)
Sn(5) trial_onset_12*bf(1)
Sn(5) trial_onset_13*bf(1)
Sn(5) trial_onset_14*bf(1)
Sn(5) trial_onset_15*bf(1)

----subject 22, run 6
Sn(6) trial_onset_1*bf(1)
Sn(6) trial_onset_2*bf(1)
Sn(6) trial_onset_3*bf(1)
Sn(6) trial_onset_4*bf(1)
Sn(6) trial_onset_5*bf(1)
Sn(6) trial_onset_6*bf(1)
Sn(6) trial_onset_7*bf(1)
Sn(6) trial_onset_8*bf(1)
Sn(6) trial_onset_9*bf(1)
Sn(6) trial_onset_10*bf(1)
Sn(6) trial_onset_11*bf(1)
Sn(6) trial_onset_12*bf(1)
Sn(6) trial_onset_13*bf(1)
Sn(6) trial_onset_14*bf(1)
Sn(6) trial_onset_15*bf(1)

----subject 22, run 7
Sn(7) trial_onset_1*bf(1)
Sn(7) trial_onset_2*bf(1)
Sn(7) trial_onset_3*bf(1)
Sn(7) trial_onset_4*bf(1)
Sn(7) trial_onset_5*bf(1)
Sn(7) trial_onset_6*bf(1)
Sn(7) trial_onset_7*bf(1)
Sn(7) trial_onset_8*bf(1)
Sn(7) trial_onset_9*bf(1)
Sn(7) trial_onset_10*bf(1)
Sn(7) trial_onset_11*bf(1)
Sn(7) trial_onset_12*bf(1)
Sn(7) trial_onset_13*bf(1)
Sn(7) trial_onset_14*bf(1)
Sn(7) trial_onset_15*bf(1)

----subject 22, run 8
Sn(8) trial_onset_1*bf(1)
Sn(8) trial_onset_2*bf(1)
Sn(8) trial_onset_3*bf(1)
Sn(8) trial_onset_4*bf(1)
Sn(8) trial_onset_5*bf(1)
Sn(8) trial_onset_6*bf(1)
Sn(8) trial_onset_7*bf(1)
Sn(8) trial_onset_8*bf(1)
Sn(8) trial_onset_9*bf(1)
Sn(8) trial_onset_10*bf(1)
Sn(8) trial_onset_11*bf(1)
Sn(8) trial_onset_12*bf(1)
Sn(8) trial_onset_13*bf(1)
Sn(8) trial_onset_14*bf(1)
Sn(8) trial_onset_15*bf(1)

----subject 22, run 9
Sn(9) trial_onset_1*bf(1)
Sn(9) trial_onset_2*bf(1)
Sn(9) trial_onset_3*bf(1)
Sn(9) trial_onset_4*bf(1)
Sn(9) trial_onset_5*bf(1)
Sn(9) trial_onset_6*bf(1)
Sn(9) trial_onset_7*bf(1)
Sn(9) trial_onset_8*bf(1)
Sn(9) trial_onset_9*bf(1)
Sn(9) trial_onset_10*bf(1)
Sn(9) trial_onset_11*bf(1)
Sn(9) trial_onset_12*bf(1)
Sn(9) trial_onset_13*bf(1)
Sn(9) trial_onset_14*bf(1)
Sn(9) trial_onset_15*bf(1)

----subject 23, run 1
Sn(1) trial_onset_1*bf(1)
Sn(1) trial_onset_2*bf(1)
Sn(1) trial_onset_3*bf(1)
Sn(1) trial_onset_4*bf(1)
Sn(1) trial_onset_5*bf(1)
Sn(1) trial_onset_6*bf(1)
Sn(1) trial_onset_7*bf(1)
Sn(1) trial_onset_8*bf(1)
Sn(1) trial_onset_9*bf(1)
Sn(1) trial_onset_10*bf(1)
Sn(1) trial_onset_11*bf(1)
Sn(1) trial_onset_12*bf(1)
Sn(1) trial_onset_13*bf(1)
Sn(1) trial_onset_14*bf(1)
Sn(1) trial_onset_15*bf(1)

----subject 23, run 2
Sn(2) trial_onset_1*bf(1)
Sn(2) trial_onset_2*bf(1)
Sn(2) trial_onset_3*bf(1)
Sn(2) trial_onset_4*bf(1)
Sn(2) trial_onset_5*bf(1)
Sn(2) trial_onset_6*bf(1)
Sn(2) trial_onset_7*bf(1)
Sn(2) trial_onset_8*bf(1)
Sn(2) trial_onset_9*bf(1)
Sn(2) trial_onset_10*bf(1)
Sn(2) trial_onset_11*bf(1)
Sn(2) trial_onset_12*bf(1)
Sn(2) trial_onset_13*bf(1)
Sn(2) trial_onset_14*bf(1)
Sn(2) trial_onset_15*bf(1)

----subject 23, run 3
Sn(3) trial_onset_1*bf(1)
Sn(3) trial_onset_2*bf(1)
Sn(3) trial_onset_3*bf(1)
Sn(3) trial_onset_4*bf(1)
Sn(3) trial_onset_5*bf(1)
Sn(3) trial_onset_6*bf(1)
Sn(3) trial_onset_7*bf(1)
Sn(3) trial_onset_8*bf(1)
Sn(3) trial_onset_9*bf(1)
Sn(3) trial_onset_10*bf(1)
Sn(3) trial_onset_11*bf(1)
Sn(3) trial_onset_12*bf(1)
Sn(3) trial_onset_13*bf(1)
Sn(3) trial_onset_14*bf(1)
Sn(3) trial_onset_15*bf(1)

----subject 23, run 4
Sn(4) trial_onset_1*bf(1)
Sn(4) trial_onset_2*bf(1)
Sn(4) trial_onset_3*bf(1)
Sn(4) trial_onset_4*bf(1)
Sn(4) trial_onset_5*bf(1)
Sn(4) trial_onset_6*bf(1)
Sn(4) trial_onset_7*bf(1)
Sn(4) trial_onset_8*bf(1)
Sn(4) trial_onset_9*bf(1)
Sn(4) trial_onset_10*bf(1)
Sn(4) trial_onset_11*bf(1)
Sn(4) trial_onset_12*bf(1)
Sn(4) trial_onset_13*bf(1)
Sn(4) trial_onset_14*bf(1)
Sn(4) trial_onset_15*bf(1)

----subject 23, run 5
Sn(5) trial_onset_1*bf(1)
Sn(5) trial_onset_2*bf(1)
Sn(5) trial_onset_3*bf(1)
Sn(5) trial_onset_4*bf(1)
Sn(5) trial_onset_5*bf(1)
Sn(5) trial_onset_6*bf(1)
Sn(5) trial_onset_7*bf(1)
Sn(5) trial_onset_8*bf(1)
Sn(5) trial_onset_9*bf(1)
Sn(5) trial_onset_10*bf(1)
Sn(5) trial_onset_11*bf(1)
Sn(5) trial_onset_12*bf(1)
Sn(5) trial_onset_13*bf(1)
Sn(5) trial_onset_14*bf(1)
Sn(5) trial_onset_15*bf(1)

----subject 23, run 6
Sn(6) trial_onset_1*bf(1)
Sn(6) trial_onset_2*bf(1)
Sn(6) trial_onset_3*bf(1)
Sn(6) trial_onset_4*bf(1)
Sn(6) trial_onset_5*bf(1)
Sn(6) trial_onset_6*bf(1)
Sn(6) trial_onset_7*bf(1)
Sn(6) trial_onset_8*bf(1)
Sn(6) trial_onset_9*bf(1)
Sn(6) trial_onset_10*bf(1)
Sn(6) trial_onset_11*bf(1)
Sn(6) trial_onset_12*bf(1)
Sn(6) trial_onset_13*bf(1)
Sn(6) trial_onset_14*bf(1)
Sn(6) trial_onset_15*bf(1)

----subject 23, run 7
Sn(7) trial_onset_1*bf(1)
Sn(7) trial_onset_2*bf(1)
Sn(7) trial_onset_3*bf(1)
Sn(7) trial_onset_4*bf(1)
Sn(7) trial_onset_5*bf(1)
Sn(7) trial_onset_6*bf(1)
Sn(7) trial_onset_7*bf(1)
Sn(7) trial_onset_8*bf(1)
Sn(7) trial_onset_9*bf(1)
Sn(7) trial_onset_10*bf(1)
Sn(7) trial_onset_11*bf(1)
Sn(7) trial_onset_12*bf(1)
Sn(7) trial_onset_13*bf(1)
Sn(7) trial_onset_14*bf(1)
Sn(7) trial_onset_15*bf(1)

----subject 23, run 8
Sn(8) trial_onset_1*bf(1)
Sn(8) trial_onset_2*bf(1)
Sn(8) trial_onset_3*bf(1)
Sn(8) trial_onset_4*bf(1)
Sn(8) trial_onset_5*bf(1)
Sn(8) trial_onset_6*bf(1)
Sn(8) trial_onset_7*bf(1)
Sn(8) trial_onset_8*bf(1)
Sn(8) trial_onset_9*bf(1)
Sn(8) trial_onset_10*bf(1)
Sn(8) trial_onset_11*bf(1)
Sn(8) trial_onset_12*bf(1)
Sn(8) trial_onset_13*bf(1)
Sn(8) trial_onset_14*bf(1)
Sn(8) trial_onset_15*bf(1)

----subject 23, run 9
Sn(9) trial_onset_1*bf(1)
Sn(9) trial_onset_2*bf(1)
Sn(9) trial_onset_3*bf(1)
Sn(9) trial_onset_4*bf(1)
Sn(9) trial_onset_5*bf(1)
Sn(9) trial_onset_6*bf(1)
Sn(9) trial_onset_7*bf(1)
Sn(9) trial_onset_8*bf(1)
Sn(9) trial_onset_9*bf(1)
Sn(9) trial_onset_10*bf(1)
Sn(9) trial_onset_11*bf(1)
Sn(9) trial_onset_12*bf(1)
Sn(9) trial_onset_13*bf(1)
Sn(9) trial_onset_14*bf(1)
Sn(9) trial_onset_15*bf(1)

----subject 24, run 1
Sn(1) trial_onset_1*bf(1)
Sn(1) trial_onset_2*bf(1)
Sn(1) trial_onset_3*bf(1)
Sn(1) trial_onset_4*bf(1)
Sn(1) trial_onset_5*bf(1)
Sn(1) trial_onset_6*bf(1)
Sn(1) trial_onset_7*bf(1)
Sn(1) trial_onset_8*bf(1)
Sn(1) trial_onset_9*bf(1)
Sn(1) trial_onset_10*bf(1)
Sn(1) trial_onset_11*bf(1)
Sn(1) trial_onset_12*bf(1)
Sn(1) trial_onset_13*bf(1)
Sn(1) trial_onset_14*bf(1)
Sn(1) trial_onset_15*bf(1)

----subject 24, run 2
Sn(2) trial_onset_1*bf(1)
Sn(2) trial_onset_2*bf(1)
Sn(2) trial_onset_3*bf(1)
Sn(2) trial_onset_4*bf(1)
Sn(2) trial_onset_5*bf(1)
Sn(2) trial_onset_6*bf(1)
Sn(2) trial_onset_7*bf(1)
Sn(2) trial_onset_8*bf(1)
Sn(2) trial_onset_9*bf(1)
Sn(2) trial_onset_10*bf(1)
Sn(2) trial_onset_11*bf(1)
Sn(2) trial_onset_12*bf(1)
Sn(2) trial_onset_13*bf(1)
Sn(2) trial_onset_14*bf(1)
Sn(2) trial_onset_15*bf(1)

----subject 24, run 3
Sn(3) trial_onset_1*bf(1)
Sn(3) trial_onset_2*bf(1)
Sn(3) trial_onset_3*bf(1)
Sn(3) trial_onset_4*bf(1)
Sn(3) trial_onset_5*bf(1)
Sn(3) trial_onset_6*bf(1)
Sn(3) trial_onset_7*bf(1)
Sn(3) trial_onset_8*bf(1)
Sn(3) trial_onset_9*bf(1)
Sn(3) trial_onset_10*bf(1)
Sn(3) trial_onset_11*bf(1)
Sn(3) trial_onset_12*bf(1)
Sn(3) trial_onset_13*bf(1)
Sn(3) trial_onset_14*bf(1)
Sn(3) trial_onset_15*bf(1)

----subject 24, run 4
Sn(4) trial_onset_1*bf(1)
Sn(4) trial_onset_2*bf(1)
Sn(4) trial_onset_3*bf(1)
Sn(4) trial_onset_4*bf(1)
Sn(4) trial_onset_5*bf(1)
Sn(4) trial_onset_6*bf(1)
Sn(4) trial_onset_7*bf(1)
Sn(4) trial_onset_8*bf(1)
Sn(4) trial_onset_9*bf(1)
Sn(4) trial_onset_10*bf(1)
Sn(4) trial_onset_11*bf(1)
Sn(4) trial_onset_12*bf(1)
Sn(4) trial_onset_13*bf(1)
Sn(4) trial_onset_14*bf(1)
Sn(4) trial_onset_15*bf(1)

----subject 24, run 5
Sn(5) trial_onset_1*bf(1)
Sn(5) trial_onset_2*bf(1)
Sn(5) trial_onset_3*bf(1)
Sn(5) trial_onset_4*bf(1)
Sn(5) trial_onset_5*bf(1)
Sn(5) trial_onset_6*bf(1)
Sn(5) trial_onset_7*bf(1)
Sn(5) trial_onset_8*bf(1)
Sn(5) trial_onset_9*bf(1)
Sn(5) trial_onset_10*bf(1)
Sn(5) trial_onset_11*bf(1)
Sn(5) trial_onset_12*bf(1)
Sn(5) trial_onset_13*bf(1)
Sn(5) trial_onset_14*bf(1)
Sn(5) trial_onset_15*bf(1)

----subject 24, run 6
Sn(6) trial_onset_1*bf(1)
Sn(6) trial_onset_2*bf(1)
Sn(6) trial_onset_3*bf(1)
Sn(6) trial_onset_4*bf(1)
Sn(6) trial_onset_5*bf(1)
Sn(6) trial_onset_6*bf(1)
Sn(6) trial_onset_7*bf(1)
Sn(6) trial_onset_8*bf(1)
Sn(6) trial_onset_9*bf(1)
Sn(6) trial_onset_10*bf(1)
Sn(6) trial_onset_11*bf(1)
Sn(6) trial_onset_12*bf(1)
Sn(6) trial_onset_13*bf(1)
Sn(6) trial_onset_14*bf(1)
Sn(6) trial_onset_15*bf(1)

----subject 24, run 7
Sn(7) trial_onset_1*bf(1)
Sn(7) trial_onset_2*bf(1)
Sn(7) trial_onset_3*bf(1)
Sn(7) trial_onset_4*bf(1)
Sn(7) trial_onset_5*bf(1)
Sn(7) trial_onset_6*bf(1)
Sn(7) trial_onset_7*bf(1)
Sn(7) trial_onset_8*bf(1)
Sn(7) trial_onset_9*bf(1)
Sn(7) trial_onset_10*bf(1)
Sn(7) trial_onset_11*bf(1)
Sn(7) trial_onset_12*bf(1)
Sn(7) trial_onset_13*bf(1)
Sn(7) trial_onset_14*bf(1)
Sn(7) trial_onset_15*bf(1)

----subject 24, run 8
Sn(8) trial_onset_1*bf(1)
Sn(8) trial_onset_2*bf(1)
Sn(8) trial_onset_3*bf(1)
Sn(8) trial_onset_4*bf(1)
Sn(8) trial_onset_5*bf(1)
Sn(8) trial_onset_6*bf(1)
Sn(8) trial_onset_7*bf(1)
Sn(8) trial_onset_8*bf(1)
Sn(8) trial_onset_9*bf(1)
Sn(8) trial_onset_10*bf(1)
Sn(8) trial_onset_11*bf(1)
Sn(8) trial_onset_12*bf(1)
Sn(8) trial_onset_13*bf(1)
Sn(8) trial_onset_14*bf(1)
Sn(8) trial_onset_15*bf(1)

----subject 24, run 9
Sn(9) trial_onset_1*bf(1)
Sn(9) trial_onset_2*bf(1)
Sn(9) trial_onset_3*bf(1)
Sn(9) trial_onset_4*bf(1)
Sn(9) trial_onset_5*bf(1)
Sn(9) trial_onset_6*bf(1)
Sn(9) trial_onset_7*bf(1)
Sn(9) trial_onset_8*bf(1)
Sn(9) trial_onset_9*bf(1)
Sn(9) trial_onset_10*bf(1)
Sn(9) trial_onset_11*bf(1)
Sn(9) trial_onset_12*bf(1)
Sn(9) trial_onset_13*bf(1)
Sn(9) trial_onset_14*bf(1)
Sn(9) trial_onset_15*bf(1)

----subject 25, run 1
Sn(1) trial_onset_1*bf(1)
Sn(1) trial_onset_2*bf(1)
Sn(1) trial_onset_3*bf(1)
Sn(1) trial_onset_4*bf(1)
Sn(1) trial_onset_5*bf(1)
Sn(1) trial_onset_6*bf(1)
Sn(1) trial_onset_7*bf(1)
Sn(1) trial_onset_8*bf(1)
Sn(1) trial_onset_9*bf(1)
Sn(1) trial_onset_10*bf(1)
Sn(1) trial_onset_11*bf(1)
Sn(1) trial_onset_12*bf(1)
Sn(1) trial_onset_13*bf(1)
Sn(1) trial_onset_14*bf(1)
Sn(1) trial_onset_15*bf(1)

----subject 25, run 2
Sn(2) trial_onset_1*bf(1)
Sn(2) trial_onset_2*bf(1)
Sn(2) trial_onset_3*bf(1)
Sn(2) trial_onset_4*bf(1)
Sn(2) trial_onset_5*bf(1)
Sn(2) trial_onset_6*bf(1)
Sn(2) trial_onset_7*bf(1)
Sn(2) trial_onset_8*bf(1)
Sn(2) trial_onset_9*bf(1)
Sn(2) trial_onset_10*bf(1)
Sn(2) trial_onset_11*bf(1)
Sn(2) trial_onset_12*bf(1)
Sn(2) trial_onset_13*bf(1)
Sn(2) trial_onset_14*bf(1)
Sn(2) trial_onset_15*bf(1)

----subject 25, run 3
Sn(3) trial_onset_1*bf(1)
Sn(3) trial_onset_2*bf(1)
Sn(3) trial_onset_3*bf(1)
Sn(3) trial_onset_4*bf(1)
Sn(3) trial_onset_5*bf(1)
Sn(3) trial_onset_6*bf(1)
Sn(3) trial_onset_7*bf(1)
Sn(3) trial_onset_8*bf(1)
Sn(3) trial_onset_9*bf(1)
Sn(3) trial_onset_10*bf(1)
Sn(3) trial_onset_11*bf(1)
Sn(3) trial_onset_12*bf(1)
Sn(3) trial_onset_13*bf(1)
Sn(3) trial_onset_14*bf(1)
Sn(3) trial_onset_15*bf(1)

----subject 25, run 4
Sn(4) trial_onset_1*bf(1)
Sn(4) trial_onset_2*bf(1)
Sn(4) trial_onset_3*bf(1)
Sn(4) trial_onset_4*bf(1)
Sn(4) trial_onset_5*bf(1)
Sn(4) trial_onset_6*bf(1)
Sn(4) trial_onset_7*bf(1)
Sn(4) trial_onset_8*bf(1)
Sn(4) trial_onset_9*bf(1)
Sn(4) trial_onset_10*bf(1)
Sn(4) trial_onset_11*bf(1)
Sn(4) trial_onset_12*bf(1)
Sn(4) trial_onset_13*bf(1)
Sn(4) trial_onset_14*bf(1)
Sn(4) trial_onset_15*bf(1)

----subject 25, run 5
Sn(5) trial_onset_1*bf(1)
Sn(5) trial_onset_2*bf(1)
Sn(5) trial_onset_3*bf(1)
Sn(5) trial_onset_4*bf(1)
Sn(5) trial_onset_5*bf(1)
Sn(5) trial_onset_6*bf(1)
Sn(5) trial_onset_7*bf(1)
Sn(5) trial_onset_8*bf(1)
Sn(5) trial_onset_9*bf(1)
Sn(5) trial_onset_10*bf(1)
Sn(5) trial_onset_11*bf(1)
Sn(5) trial_onset_12*bf(1)
Sn(5) trial_onset_13*bf(1)
Sn(5) trial_onset_14*bf(1)
Sn(5) trial_onset_15*bf(1)

----subject 25, run 6
Sn(6) trial_onset_1*bf(1)
Sn(6) trial_onset_2*bf(1)
Sn(6) trial_onset_3*bf(1)
Sn(6) trial_onset_4*bf(1)
Sn(6) trial_onset_5*bf(1)
Sn(6) trial_onset_6*bf(1)
Sn(6) trial_onset_7*bf(1)
Sn(6) trial_onset_8*bf(1)
Sn(6) trial_onset_9*bf(1)
Sn(6) trial_onset_10*bf(1)
Sn(6) trial_onset_11*bf(1)
Sn(6) trial_onset_12*bf(1)
Sn(6) trial_onset_13*bf(1)
Sn(6) trial_onset_14*bf(1)
Sn(6) trial_onset_15*bf(1)

----subject 25, run 7
Sn(7) trial_onset_1*bf(1)
Sn(7) trial_onset_2*bf(1)
Sn(7) trial_onset_3*bf(1)
Sn(7) trial_onset_4*bf(1)
Sn(7) trial_onset_5*bf(1)
Sn(7) trial_onset_6*bf(1)
Sn(7) trial_onset_7*bf(1)
Sn(7) trial_onset_8*bf(1)
Sn(7) trial_onset_9*bf(1)
Sn(7) trial_onset_10*bf(1)
Sn(7) trial_onset_11*bf(1)
Sn(7) trial_onset_12*bf(1)
Sn(7) trial_onset_13*bf(1)
Sn(7) trial_onset_14*bf(1)
Sn(7) trial_onset_15*bf(1)

----subject 25, run 8
Sn(8) trial_onset_1*bf(1)
Sn(8) trial_onset_2*bf(1)
Sn(8) trial_onset_3*bf(1)
Sn(8) trial_onset_4*bf(1)
Sn(8) trial_onset_5*bf(1)
Sn(8) trial_onset_6*bf(1)
Sn(8) trial_onset_7*bf(1)
Sn(8) trial_onset_8*bf(1)
Sn(8) trial_onset_9*bf(1)
Sn(8) trial_onset_10*bf(1)
Sn(8) trial_onset_11*bf(1)
Sn(8) trial_onset_12*bf(1)
Sn(8) trial_onset_13*bf(1)
Sn(8) trial_onset_14*bf(1)
Sn(8) trial_onset_15*bf(1)

----subject 25, run 9
Sn(9) trial_onset_1*bf(1)
Sn(9) trial_onset_2*bf(1)
Sn(9) trial_onset_3*bf(1)
Sn(9) trial_onset_4*bf(1)
Sn(9) trial_onset_5*bf(1)
Sn(9) trial_onset_6*bf(1)
Sn(9) trial_onset_7*bf(1)
Sn(9) trial_onset_8*bf(1)
Sn(9) trial_onset_9*bf(1)
Sn(9) trial_onset_10*bf(1)
Sn(9) trial_onset_11*bf(1)
Sn(9) trial_onset_12*bf(1)
Sn(9) trial_onset_13*bf(1)
Sn(9) trial_onset_14*bf(1)
Sn(9) trial_onset_15*bf(1)
training classifier...
[Warning: from glmnet Fortran code (error code -331); Convergence for 331th
lambda value not reached after maxit=100000 iterations; solutions for larger
lambdas returned] 
[> In lognet (line 78)
  In glmnet (line 446)
  In cvglmnet (line 260)
  In classify_train (line 134)
  In classify2 (line 7)] 

------------------------------------------------------------------------
       Segmentation violation detected at Mon May  1 06:45:54 2017
------------------------------------------------------------------------

Configuration:
  Crash Decoding      : Disabled
  Crash Mode          : continue (default)
  Current Graphics Driver: Unknown software 
  Current Visual      : None
  Default Encoding    : UTF-8
  GNU C Library       : 2.12 stable
  Host Name           : ncf2702.rc.fas.harvard.edu
  MATLAB Architecture : glnxa64
  MATLAB Root         : /n/sw/matlab-R2015b
  MATLAB Version      : 8.6.0.267246 (R2015b)
  OpenGL              : software
  Operating System    : Linux 2.6.32-642.6.2.el6.x86_64 #1 SMP Wed Oct 26 06:52:09 UTC 2016 x86_64
  Processor ID        : x86 Family 111 Model 1 Stepping 2, AuthenticAMD
  Window System       : No active display

Fault Count: 1


Abnormal termination:
Segmentation violation

Register State (from fault):
  RAX = 0000000000000000  RBX = 00002b649adfc010
  RCX = 01fffffffdfffff1  RDX = fffffffffc460890
  RSP = 00002b5fd7ffaf28  RBP = 00002b5fd7ffaf50
  RSI = 00002b62c8e60fa0  RDI = 00002b659738ef90

   R8 = 0000000000000000   R9 = 0000000000000000
  R10 = 0000000000000000  R11 = 0000000000000000
  R12 = 0000000000000000  R13 = 0000000000000000
  R14 = 0000000000000000  R15 = 00002b5ffb172148

  RIP = 0000003520089a67  EFL = 0000000000010202

   CS = 0033   FS = 0000   GS = 0000

Stack Trace (from fault):
[  0] 0x0000003520089a67                                   /lib64/libc.so.6+00563815 memcpy+00001015
[  1] 0x00002b5ff0223c71 /ncf/gershman/Lab/scripts/glmnet_matlab/glmnetMex.mexa64+00003185
[  2] 0x00002b5ff022749d /ncf/gershman/Lab/scripts/glmnet_matlab/glmnetMex.mexa64+00017565 mexfunction_+00013480
[  3] 0x00002b5fc5ef5c5c          /n/sw/matlab-R2015b/bin/glnxa64/libmex.so+00142428 mexRunMexFile+00000108
[  4] 0x00002b5fc5ef2244          /n/sw/matlab-R2015b/bin/glnxa64/libmex.so+00127556
[  5] 0x00002b5fc5ef2de4          /n/sw/matlab-R2015b/bin/glnxa64/libmex.so+00130532
[  6] 0x00002b5fc1b4bdbd /n/sw/matlab-R2015b/bin/glnxa64/libmwm_dispatcher.so+00724413 _ZN8Mfh_file16dispatch_fh_implEMS_FviPP11mxArray_tagiS2_EiS2_iS2_+00001549
[  7] 0x00002b5fc1b4c250 /n/sw/matlab-R2015b/bin/glnxa64/libmwm_dispatcher.so+00725584 _ZN8Mfh_file11dispatch_fhEiPP11mxArray_tagiS2_+00000032
[  8] 0x00002b5fc75c98af      /n/sw/matlab-R2015b/bin/glnxa64/libmwm_lxe.so+08612015
[  9] 0x00002b5fc76ed7ff      /n/sw/matlab-R2015b/bin/glnxa64/libmwm_lxe.so+09807871
[ 10] 0x00002b5fc76e3254      /n/sw/matlab-R2015b/bin/glnxa64/libmwm_lxe.so+09765460
[ 11] 0x00002b5fc76b0901      /n/sw/matlab-R2015b/bin/glnxa64/libmwm_lxe.so+09558273
[ 12] 0x00002b5fc7312d6c      /n/sw/matlab-R2015b/bin/glnxa64/libmwm_lxe.so+05766508
[ 13] 0x00002b5fc72fd4c1      /n/sw/matlab-R2015b/bin/glnxa64/libmwm_lxe.so+05678273
[ 14] 0x00002b5fc730c075      /n/sw/matlab-R2015b/bin/glnxa64/libmwm_lxe.so+05738613
[ 15] 0x00002b5fc74dd033      /n/sw/matlab-R2015b/bin/glnxa64/libmwm_lxe.so+07643187
[ 16] 0x00002b5fc74a4c40      /n/sw/matlab-R2015b/bin/glnxa64/libmwm_lxe.so+07412800
[ 17] 0x00002b5fc74a7078      /n/sw/matlab-R2015b/bin/glnxa64/libmwm_lxe.so+07422072
[ 18] 0x00002b5fc74a7140      /n/sw/matlab-R2015b/bin/glnxa64/libmwm_lxe.so+07422272
[ 19] 0x00002b5fc751e6bc      /n/sw/matlab-R2015b/bin/glnxa64/libmwm_lxe.so+07911100
[ 20] 0x00002b5fc751eabc      /n/sw/matlab-R2015b/bin/glnxa64/libmwm_lxe.so+07912124
[ 21] 0x00002b5fc2215d0d /n/sw/matlab-R2015b/bin/glnxa64/libmwm_interpreter.so+02600205 _Z51inEvalCmdWithLocalReturnInDesiredWSAndPublishEventsRKSbIDsSt11char_traitsIDsESaIDsEEPibbP15inWorkSpace_tag+00000077
[ 22] 0x00002b5fc09e2a12        /n/sw/matlab-R2015b/bin/glnxa64/libmwiqm.so+00915986 _ZNK3iqm18InternalEvalPlugin24inEvalCmdWithLocalReturnERKSbIDsSt11char_traitsIDsESaIDsEEP15inWorkSpace_tag+00000098
[ 23] 0x00002b5fc09e2bd8        /n/sw/matlab-R2015b/bin/glnxa64/libmwiqm.so+00916440 _ZN3iqm18InternalEvalPlugin7executeEP15inWorkSpace_tagRN5boost10shared_ptrIN14cmddistributor17IIPCompletedEventEEE+00000120
[ 24] 0x00002b5fc1830695        /n/sw/matlab-R2015b/bin/glnxa64/libmwmcr.so+00677525
[ 25] 0x00002b5fc09dc1c6        /n/sw/matlab-R2015b/bin/glnxa64/libmwiqm.so+00889286
[ 26] 0x00002b5fc09c9645        /n/sw/matlab-R2015b/bin/glnxa64/libmwiqm.so+00812613
[ 27] 0x00002b5fc5ca6bf9     /n/sw/matlab-R2015b/bin/glnxa64/libmwbridge.so+00146425
[ 28] 0x00002b5fc5ca71f4     /n/sw/matlab-R2015b/bin/glnxa64/libmwbridge.so+00147956
[ 29] 0x00002b5fc5cac6cd     /n/sw/matlab-R2015b/bin/glnxa64/libmwbridge.so+00169677
[ 30] 0x00002b5fc5cac7bc     /n/sw/matlab-R2015b/bin/glnxa64/libmwbridge.so+00169916
[ 31] 0x00002b5fc5cacead     /n/sw/matlab-R2015b/bin/glnxa64/libmwbridge.so+00171693 _Z8mnParserv+00000749
[ 32] 0x00002b5fc1832b4f        /n/sw/matlab-R2015b/bin/glnxa64/libmwmcr.so+00686927 _ZN11mcrInstance30mnParser_on_interpreter_threadEv+00000031
[ 33] 0x00002b5fc181f443        /n/sw/matlab-R2015b/bin/glnxa64/libmwmcr.so+00607299
[ 34] 0x00002b5fc181fa39        /n/sw/matlab-R2015b/bin/glnxa64/libmwmcr.so+00608825 _ZN5boost6detail11task_objectIvNS_3_bi6bind_tIvPFvRKNS_8functionIFvvEEEENS2_5list1INS2_5valueIS6_EEEEEEE6do_runEv+00000025
[ 35] 0x00002b5fc1820f47        /n/sw/matlab-R2015b/bin/glnxa64/libmwmcr.so+00614215 _ZN5boost6detail9task_baseIvE3runEv+00000071
[ 36] 0x00002b5fc1820fa7        /n/sw/matlab-R2015b/bin/glnxa64/libmwmcr.so+00614311
[ 37] 0x00002b5fc181c2fa        /n/sw/matlab-R2015b/bin/glnxa64/libmwmcr.so+00594682
[ 38] 0x00002b5fc0e4e7ab   /n/sw/matlab-R2015b/bin/glnxa64/libmwservices.so+01947563
[ 39] 0x00002b5fccc8d6ed        /n/sw/matlab-R2015b/bin/glnxa64/libmwuix.so+00206573
[ 40] 0x00002b5fc0f502ba   /n/sw/matlab-R2015b/bin/glnxa64/libmwservices.so+03003066
[ 41] 0x00002b5fc0f505f4   /n/sw/matlab-R2015b/bin/glnxa64/libmwservices.so+03003892
[ 42] 0x00002b5fc0f51d9f   /n/sw/matlab-R2015b/bin/glnxa64/libmwservices.so+03009951
[ 43] 0x00002b5fc0f5284c   /n/sw/matlab-R2015b/bin/glnxa64/libmwservices.so+03012684 _Z25svWS_ProcessPendingEventsiib+00000092
[ 44] 0x00002b5fc181c9b8        /n/sw/matlab-R2015b/bin/glnxa64/libmwmcr.so+00596408
[ 45] 0x00002b5fc181ccd4        /n/sw/matlab-R2015b/bin/glnxa64/libmwmcr.so+00597204
[ 46] 0x00002b5fc1808fed        /n/sw/matlab-R2015b/bin/glnxa64/libmwmcr.so+00516077
[ 47] 0x00000035208079d1                             /lib64/libpthread.so.0+00031185
[ 48] 0x00000035200e88fd                                   /lib64/libc.so.6+00952573 clone+00000109
[ 49] 0x0000000000000000                                   <unknown-module>+00000000


This error was detected while a MEX-file was running. If the MEX-file
is not an official MathWorks function, please examine its source code
for errors. Please consult the External Interfaces Guide for information
on debugging MEX-files.

If this problem is reproducible, please submit a Service Request via:
    http://www.mathworks.com/support/contact_us/

A technical support engineer might contact you with further information.

Thank you for your help.** This crash report has been saved to disk as /users/mtomov13/matlab_crash_dump.29079-1 **



MATLAB is exiting because of fatal error
/ncf/nrg/sw/apps/matlab/R2015b/bin/matlab: line 2: 29079 Killed                  matlab-default -singleCompThread "$@"
